=~=~=~=~=~=~=~=~=~=~=~= PuTTY log 2024.08.12 14:22:46 =~=~=~=~=~=~=~=~=~=~=~=
Event Log: Looking up host "ec2-3-86-228-186.compute-1.amazonaws.com" for SSH connection
Event Log: Connecting to 3.86.228.186 port 22
Event Log: We claim version: SSH-2.0-PuTTY_Release_0.81
Outgoing raw data at 2024-08-12 14:22:46
  00000000  53 53 48 2d 32 2e 30 2d 50 75 54 54 59 5f 52 65  SSH-2.0-PuTTY_Re
  00000010  6c 65 61 73 65 5f 30 2e 38 31 0d 0a              lease_0.81..
Event Log: Connected to 3.86.228.186
Incoming raw data at 2024-08-12 14:22:47
  00000000  53 53 48 2d 32 2e 30 2d 4f 70 65 6e 53 53 48 5f  SSH-2.0-OpenSSH_
  00000010  39 2e 36 70 31 20 55 62 75 6e 74 75 2d 33 75 62  9.6p1 Ubuntu-3ub
  00000020  75 6e 74 75 31 33 2e 34 0d 0a                    untu13.4..
Event Log: Remote version: SSH-2.0-OpenSSH_9.6p1 Ubuntu-3ubuntu13.4
Event Log: Using SSH protocol version 2
Event Log: No GSSAPI security context available
Outgoing packet #0x0, type 20 / 0x14 (SSH2_MSG_KEXINIT)
  00000000  57 d7 65 e5 17 01 52 28 ab a0 d6 c8 a9 46 8e 7c  W.e...R(.....F.|
  00000010  00 00 01 f3 73 6e 74 72 75 70 37 36 31 78 32 35  ....sntrup761x25
  00000020  35 31 39 2d 73 68 61 35 31 32 40 6f 70 65 6e 73  519-sha512@opens
  00000030  73 68 2e 63 6f 6d 2c 63 75 72 76 65 34 34 38 2d  sh.com,curve448-
  00000040  73 68 61 35 31 32 2c 63 75 72 76 65 32 35 35 31  sha512,curve2551
  00000050  39 2d 73 68 61 32 35 36 2c 63 75 72 76 65 32 35  9-sha256,curve25
  00000060  35 31 39 2d 73 68 61 32 35 36 40 6c 69 62 73 73  519-sha256@libss
  00000070  68 2e 6f 72 67 2c 65 63 64 68 2d 73 68 61 32 2d  h.org,ecdh-sha2-
  00000080  6e 69 73 74 70 32 35 36 2c 65 63 64 68 2d 73 68  nistp256,ecdh-sh
  00000090  61 32 2d 6e 69 73 74 70 33 38 34 2c 65 63 64 68  a2-nistp384,ecdh
  000000a0  2d 73 68 61 32 2d 6e 69 73 74 70 35 32 31 2c 64  -sha2-nistp521,d
  000000b0  69 66 66 69 65 2d 68 65 6c 6c 6d 61 6e 2d 67 72  iffie-hellman-gr
  000000c0  6f 75 70 2d 65 78 63 68 61 6e 67 65 2d 73 68 61  oup-exchange-sha
  000000d0  32 35 36 2c 64 69 66 66 69 65 2d 68 65 6c 6c 6d  256,diffie-hellm
  000000e0  61 6e 2d 67 72 6f 75 70 2d 65 78 63 68 61 6e 67  an-group-exchang
  000000f0  65 2d 73 68 61 31 2c 64 69 66 66 69 65 2d 68 65  e-sha1,diffie-he
  00000100  6c 6c 6d 61 6e 2d 67 72 6f 75 70 31 38 2d 73 68  llman-group18-sh
  00000110  61 35 31 32 2c 64 69 66 66 69 65 2d 68 65 6c 6c  a512,diffie-hell
  00000120  6d 61 6e 2d 67 72 6f 75 70 31 37 2d 73 68 61 35  man-group17-sha5
  00000130  31 32 2c 64 69 66 66 69 65 2d 68 65 6c 6c 6d 61  12,diffie-hellma
  00000140  6e 2d 67 72 6f 75 70 31 36 2d 73 68 61 35 31 32  n-group16-sha512
  00000150  2c 64 69 66 66 69 65 2d 68 65 6c 6c 6d 61 6e 2d  ,diffie-hellman-
  00000160  67 72 6f 75 70 31 35 2d 73 68 61 35 31 32 2c 64  group15-sha512,d
  00000170  69 66 66 69 65 2d 68 65 6c 6c 6d 61 6e 2d 67 72  iffie-hellman-gr
  00000180  6f 75 70 31 34 2d 73 68 61 32 35 36 2c 64 69 66  oup14-sha256,dif
  00000190  66 69 65 2d 68 65 6c 6c 6d 61 6e 2d 67 72 6f 75  fie-hellman-grou
  000001a0  70 31 34 2d 73 68 61 31 2c 72 73 61 32 30 34 38  p14-sha1,rsa2048
  000001b0  2d 73 68 61 32 35 36 2c 72 73 61 31 30 32 34 2d  -sha256,rsa1024-
  000001c0  73 68 61 31 2c 64 69 66 66 69 65 2d 68 65 6c 6c  sha1,diffie-hell
  000001d0  6d 61 6e 2d 67 72 6f 75 70 31 2d 73 68 61 31 2c  man-group1-sha1,
  000001e0  65 78 74 2d 69 6e 66 6f 2d 63 2c 6b 65 78 2d 73  ext-info-c,kex-s
  000001f0  74 72 69 63 74 2d 63 2d 76 30 30 40 6f 70 65 6e  trict-c-v00@open
  00000200  73 73 68 2e 63 6f 6d 00 00 00 7b 73 73 68 2d 65  ssh.com...{ssh-e
  00000210  64 32 35 35 31 39 2c 73 73 68 2d 65 64 34 34 38  d25519,ssh-ed448
  00000220  2c 65 63 64 73 61 2d 73 68 61 32 2d 6e 69 73 74  ,ecdsa-sha2-nist
  00000230  70 32 35 36 2c 65 63 64 73 61 2d 73 68 61 32 2d  p256,ecdsa-sha2-
  00000240  6e 69 73 74 70 33 38 34 2c 65 63 64 73 61 2d 73  nistp384,ecdsa-s
  00000250  68 61 32 2d 6e 69 73 74 70 35 32 31 2c 72 73 61  ha2-nistp521,rsa
  00000260  2d 73 68 61 32 2d 35 31 32 2c 72 73 61 2d 73 68  -sha2-512,rsa-sh
  00000270  61 32 2d 32 35 36 2c 73 73 68 2d 72 73 61 2c 73  a2-256,ssh-rsa,s
  00000280  73 68 2d 64 73 73 00 00 00 eb 61 65 73 32 35 36  sh-dss....aes256
  00000290  2d 63 74 72 2c 61 65 73 32 35 36 2d 63 62 63 2c  -ctr,aes256-cbc,
  000002a0  72 69 6a 6e 64 61 65 6c 2d 63 62 63 40 6c 79 73  rijndael-cbc@lys
  000002b0  61 74 6f 72 2e 6c 69 75 2e 73 65 2c 61 65 73 31  ator.liu.se,aes1
  000002c0  39 32 2d 63 74 72 2c 61 65 73 31 39 32 2d 63 62  92-ctr,aes192-cb
  000002d0  63 2c 61 65 73 31 32 38 2d 63 74 72 2c 61 65 73  c,aes128-ctr,aes
  000002e0  31 32 38 2d 63 62 63 2c 63 68 61 63 68 61 32 30  128-cbc,chacha20
  000002f0  2d 70 6f 6c 79 31 33 30 35 40 6f 70 65 6e 73 73  -poly1305@openss
  00000300  68 2e 63 6f 6d 2c 61 65 73 31 32 38 2d 67 63 6d  h.com,aes128-gcm
  00000310  40 6f 70 65 6e 73 73 68 2e 63 6f 6d 2c 61 65 73  @openssh.com,aes
  00000320  32 35 36 2d 67 63 6d 40 6f 70 65 6e 73 73 68 2e  256-gcm@openssh.
  00000330  63 6f 6d 2c 33 64 65 73 2d 63 74 72 2c 33 64 65  com,3des-ctr,3de
  00000340  73 2d 63 62 63 2c 62 6c 6f 77 66 69 73 68 2d 63  s-cbc,blowfish-c
  00000350  74 72 2c 62 6c 6f 77 66 69 73 68 2d 63 62 63 2c  tr,blowfish-cbc,
  00000360  61 72 63 66 6f 75 72 32 35 36 2c 61 72 63 66 6f  arcfour256,arcfo
  00000370  75 72 31 32 38 00 00 00 eb 61 65 73 32 35 36 2d  ur128....aes256-
  00000380  63 74 72 2c 61 65 73 32 35 36 2d 63 62 63 2c 72  ctr,aes256-cbc,r
  00000390  69 6a 6e 64 61 65 6c 2d 63 62 63 40 6c 79 73 61  ijndael-cbc@lysa
  000003a0  74 6f 72 2e 6c 69 75 2e 73 65 2c 61 65 73 31 39  tor.liu.se,aes19
  000003b0  32 2d 63 74 72 2c 61 65 73 31 39 32 2d 63 62 63  2-ctr,aes192-cbc
  000003c0  2c 61 65 73 31 32 38 2d 63 74 72 2c 61 65 73 31  ,aes128-ctr,aes1
  000003d0  32 38 2d 63 62 63 2c 63 68 61 63 68 61 32 30 2d  28-cbc,chacha20-
  000003e0  70 6f 6c 79 31 33 30 35 40 6f 70 65 6e 73 73 68  poly1305@openssh
  000003f0  2e 63 6f 6d 2c 61 65 73 31 32 38 2d 67 63 6d 40  .com,aes128-gcm@
  00000400  6f 70 65 6e 73 73 68 2e 63 6f 6d 2c 61 65 73 32  openssh.com,aes2
  00000410  35 36 2d 67 63 6d 40 6f 70 65 6e 73 73 68 2e 63  56-gcm@openssh.c
  00000420  6f 6d 2c 33 64 65 73 2d 63 74 72 2c 33 64 65 73  om,3des-ctr,3des
  00000430  2d 63 62 63 2c 62 6c 6f 77 66 69 73 68 2d 63 74  -cbc,blowfish-ct
  00000440  72 2c 62 6c 6f 77 66 69 73 68 2d 63 62 63 2c 61  r,blowfish-cbc,a
  00000450  72 63 66 6f 75 72 32 35 36 2c 61 72 63 66 6f 75  rcfour256,arcfou
  00000460  72 31 32 38 00 00 00 c7 68 6d 61 63 2d 73 68 61  r128....hmac-sha
  00000470  32 2d 32 35 36 2c 68 6d 61 63 2d 73 68 61 32 2d  2-256,hmac-sha2-
  00000480  35 31 32 2c 68 6d 61 63 2d 73 68 61 31 2c 68 6d  512,hmac-sha1,hm
  00000490  61 63 2d 73 68 61 31 2d 39 36 2c 68 6d 61 63 2d  ac-sha1-96,hmac-
  000004a0  6d 64 35 2c 68 6d 61 63 2d 73 68 61 32 2d 32 35  md5,hmac-sha2-25
  000004b0  36 2d 65 74 6d 40 6f 70 65 6e 73 73 68 2e 63 6f  6-etm@openssh.co
  000004c0  6d 2c 68 6d 61 63 2d 73 68 61 32 2d 35 31 32 2d  m,hmac-sha2-512-
  000004d0  65 74 6d 40 6f 70 65 6e 73 73 68 2e 63 6f 6d 2c  etm@openssh.com,
  000004e0  68 6d 61 63 2d 73 68 61 31 2d 65 74 6d 40 6f 70  hmac-sha1-etm@op
  000004f0  65 6e 73 73 68 2e 63 6f 6d 2c 68 6d 61 63 2d 73  enssh.com,hmac-s
  00000500  68 61 31 2d 39 36 2d 65 74 6d 40 6f 70 65 6e 73  ha1-96-etm@opens
  00000510  73 68 2e 63 6f 6d 2c 68 6d 61 63 2d 6d 64 35 2d  sh.com,hmac-md5-
  00000520  65 74 6d 40 6f 70 65 6e 73 73 68 2e 63 6f 6d 00  etm@openssh.com.
  00000530  00 00 c7 68 6d 61 63 2d 73 68 61 32 2d 32 35 36  ...hmac-sha2-256
  00000540  2c 68 6d 61 63 2d 73 68 61 32 2d 35 31 32 2c 68  ,hmac-sha2-512,h
  00000550  6d 61 63 2d 73 68 61 31 2c 68 6d 61 63 2d 73 68  mac-sha1,hmac-sh
  00000560  61 31 2d 39 36 2c 68 6d 61 63 2d 6d 64 35 2c 68  a1-96,hmac-md5,h
  00000570  6d 61 63 2d 73 68 61 32 2d 32 35 36 2d 65 74 6d  mac-sha2-256-etm
  00000580  40 6f 70 65 6e 73 73 68 2e 63 6f 6d 2c 68 6d 61  @openssh.com,hma
  00000590  63 2d 73 68 61 32 2d 35 31 32 2d 65 74 6d 40 6f  c-sha2-512-etm@o
  000005a0  70 65 6e 73 73 68 2e 63 6f 6d 2c 68 6d 61 63 2d  penssh.com,hmac-
  000005b0  73 68 61 31 2d 65 74 6d 40 6f 70 65 6e 73 73 68  sha1-etm@openssh
  000005c0  2e 63 6f 6d 2c 68 6d 61 63 2d 73 68 61 31 2d 39  .com,hmac-sha1-9
  000005d0  36 2d 65 74 6d 40 6f 70 65 6e 73 73 68 2e 63 6f  6-etm@openssh.co
  000005e0  6d 2c 68 6d 61 63 2d 6d 64 35 2d 65 74 6d 40 6f  m,hmac-md5-etm@o
  000005f0  70 65 6e 73 73 68 2e 63 6f 6d 00 00 00 1a 6e 6f  penssh.com....no
  00000600  6e 65 2c 7a 6c 69 62 2c 7a 6c 69 62 40 6f 70 65  ne,zlib,zlib@ope
  00000610  6e 73 73 68 2e 63 6f 6d 00 00 00 1a 6e 6f 6e 65  nssh.com....none
  00000620  2c 7a 6c 69 62 2c 7a 6c 69 62 40 6f 70 65 6e 73  ,zlib,zlib@opens
  00000630  73 68 2e 63 6f 6d 00 00 00 00 00 00 00 00 00 00  sh.com..........
  00000640  00 00 00                                         ...
Outgoing raw data at 2024-08-12 14:22:47
  00000000  00 00 06 4c 07 14 57 d7 65 e5 17 01 52 28 ab a0  ...L..W.e...R(..
  00000010  d6 c8 a9 46 8e 7c 00 00 01 f3 73 6e 74 72 75 70  ...F.|....sntrup
  00000020  37 36 31 78 32 35 35 31 39 2d 73 68 61 35 31 32  761x25519-sha512
  00000030  40 6f 70 65 6e 73 73 68 2e 63 6f 6d 2c 63 75 72  @openssh.com,cur
  00000040  76 65 34 34 38 2d 73 68 61 35 31 32 2c 63 75 72  ve448-sha512,cur
  00000050  76 65 32 35 35 31 39 2d 73 68 61 32 35 36 2c 63  ve25519-sha256,c
  00000060  75 72 76 65 32 35 35 31 39 2d 73 68 61 32 35 36  urve25519-sha256
  00000070  40 6c 69 62 73 73 68 2e 6f 72 67 2c 65 63 64 68  @libssh.org,ecdh
  00000080  2d 73 68 61 32 2d 6e 69 73 74 70 32 35 36 2c 65  -sha2-nistp256,e
  00000090  63 64 68 2d 73 68 61 32 2d 6e 69 73 74 70 33 38  cdh-sha2-nistp38
  000000a0  34 2c 65 63 64 68 2d 73 68 61 32 2d 6e 69 73 74  4,ecdh-sha2-nist
  000000b0  70 35 32 31 2c 64 69 66 66 69 65 2d 68 65 6c 6c  p521,diffie-hell
  000000c0  6d 61 6e 2d 67 72 6f 75 70 2d 65 78 63 68 61 6e  man-group-exchan
  000000d0  67 65 2d 73 68 61 32 35 36 2c 64 69 66 66 69 65  ge-sha256,diffie
  000000e0  2d 68 65 6c 6c 6d 61 6e 2d 67 72 6f 75 70 2d 65  -hellman-group-e
  000000f0  78 63 68 61 6e 67 65 2d 73 68 61 31 2c 64 69 66  xchange-sha1,dif
  00000100  66 69 65 2d 68 65 6c 6c 6d 61 6e 2d 67 72 6f 75  fie-hellman-grou
  00000110  70 31 38 2d 73 68 61 35 31 32 2c 64 69 66 66 69  p18-sha512,diffi
  00000120  65 2d 68 65 6c 6c 6d 61 6e 2d 67 72 6f 75 70 31  e-hellman-group1
  00000130  37 2d 73 68 61 35 31 32 2c 64 69 66 66 69 65 2d  7-sha512,diffie-
  00000140  68 65 6c 6c 6d 61 6e 2d 67 72 6f 75 70 31 36 2d  hellman-group16-
  00000150  73 68 61 35 31 32 2c 64 69 66 66 69 65 2d 68 65  sha512,diffie-he
  00000160  6c 6c 6d 61 6e 2d 67 72 6f 75 70 31 35 2d 73 68  llman-group15-sh
  00000170  61 35 31 32 2c 64 69 66 66 69 65 2d 68 65 6c 6c  a512,diffie-hell
  00000180  6d 61 6e 2d 67 72 6f 75 70 31 34 2d 73 68 61 32  man-group14-sha2
  00000190  35 36 2c 64 69 66 66 69 65 2d 68 65 6c 6c 6d 61  56,diffie-hellma
  000001a0  6e 2d 67 72 6f 75 70 31 34 2d 73 68 61 31 2c 72  n-group14-sha1,r
  000001b0  73 61 32 30 34 38 2d 73 68 61 32 35 36 2c 72 73  sa2048-sha256,rs
  000001c0  61 31 30 32 34 2d 73 68 61 31 2c 64 69 66 66 69  a1024-sha1,diffi
  000001d0  65 2d 68 65 6c 6c 6d 61 6e 2d 67 72 6f 75 70 31  e-hellman-group1
  000001e0  2d 73 68 61 31 2c 65 78 74 2d 69 6e 66 6f 2d 63  -sha1,ext-info-c
  000001f0  2c 6b 65 78 2d 73 74 72 69 63 74 2d 63 2d 76 30  ,kex-strict-c-v0
  00000200  30 40 6f 70 65 6e 73 73 68 2e 63 6f 6d 00 00 00  0@openssh.com...
  00000210  7b 73 73 68 2d 65 64 32 35 35 31 39 2c 73 73 68  {ssh-ed25519,ssh
  00000220  2d 65 64 34 34 38 2c 65 63 64 73 61 2d 73 68 61  -ed448,ecdsa-sha
  00000230  32 2d 6e 69 73 74 70 32 35 36 2c 65 63 64 73 61  2-nistp256,ecdsa
  00000240  2d 73 68 61 32 2d 6e 69 73 74 70 33 38 34 2c 65  -sha2-nistp384,e
  00000250  63 64 73 61 2d 73 68 61 32 2d 6e 69 73 74 70 35  cdsa-sha2-nistp5
  00000260  32 31 2c 72 73 61 2d 73 68 61 32 2d 35 31 32 2c  21,rsa-sha2-512,
  00000270  72 73 61 2d 73 68 61 32 2d 32 35 36 2c 73 73 68  rsa-sha2-256,ssh
  00000280  2d 72 73 61 2c 73 73 68 2d 64 73 73 00 00 00 eb  -rsa,ssh-dss....
  00000290  61 65 73 32 35 36 2d 63 74 72 2c 61 65 73 32 35  aes256-ctr,aes25
  000002a0  36 2d 63 62 63 2c 72 69 6a 6e 64 61 65 6c 2d 63  6-cbc,rijndael-c
  000002b0  62 63 40 6c 79 73 61 74 6f 72 2e 6c 69 75 2e 73  bc@lysator.liu.s
  000002c0  65 2c 61 65 73 31 39 32 2d 63 74 72 2c 61 65 73  e,aes192-ctr,aes
  000002d0  31 39 32 2d 63 62 63 2c 61 65 73 31 32 38 2d 63  192-cbc,aes128-c
  000002e0  74 72 2c 61 65 73 31 32 38 2d 63 62 63 2c 63 68  tr,aes128-cbc,ch
  000002f0  61 63 68 61 32 30 2d 70 6f 6c 79 31 33 30 35 40  acha20-poly1305@
  00000300  6f 70 65 6e 73 73 68 2e 63 6f 6d 2c 61 65 73 31  openssh.com,aes1
  00000310  32 38 2d 67 63 6d 40 6f 70 65 6e 73 73 68 2e 63  28-gcm@openssh.c
  00000320  6f 6d 2c 61 65 73 32 35 36 2d 67 63 6d 40 6f 70  om,aes256-gcm@op
  00000330  65 6e 73 73 68 2e 63 6f 6d 2c 33 64 65 73 2d 63  enssh.com,3des-c
  00000340  74 72 2c 33 64 65 73 2d 63 62 63 2c 62 6c 6f 77  tr,3des-cbc,blow
  00000350  66 69 73 68 2d 63 74 72 2c 62 6c 6f 77 66 69 73  fish-ctr,blowfis
  00000360  68 2d 63 62 63 2c 61 72 63 66 6f 75 72 32 35 36  h-cbc,arcfour256
  00000370  2c 61 72 63 66 6f 75 72 31 32 38 00 00 00 eb 61  ,arcfour128....a
  00000380  65 73 32 35 36 2d 63 74 72 2c 61 65 73 32 35 36  es256-ctr,aes256
  00000390  2d 63 62 63 2c 72 69 6a 6e 64 61 65 6c 2d 63 62  -cbc,rijndael-cb
  000003a0  63 40 6c 79 73 61 74 6f 72 2e 6c 69 75 2e 73 65  c@lysator.liu.se
  000003b0  2c 61 65 73 31 39 32 2d 63 74 72 2c 61 65 73 31  ,aes192-ctr,aes1
  000003c0  39 32 2d 63 62 63 2c 61 65 73 31 32 38 2d 63 74  92-cbc,aes128-ct
  000003d0  72 2c 61 65 73 31 32 38 2d 63 62 63 2c 63 68 61  r,aes128-cbc,cha
  000003e0  63 68 61 32 30 2d 70 6f 6c 79 31 33 30 35 40 6f  cha20-poly1305@o
  000003f0  70 65 6e 73 73 68 2e 63 6f 6d 2c 61 65 73 31 32  penssh.com,aes12
  00000400  38 2d 67 63 6d 40 6f 70 65 6e 73 73 68 2e 63 6f  8-gcm@openssh.co
  00000410  6d 2c 61 65 73 32 35 36 2d 67 63 6d 40 6f 70 65  m,aes256-gcm@ope
  00000420  6e 73 73 68 2e 63 6f 6d 2c 33 64 65 73 2d 63 74  nssh.com,3des-ct
  00000430  72 2c 33 64 65 73 2d 63 62 63 2c 62 6c 6f 77 66  r,3des-cbc,blowf
  00000440  69 73 68 2d 63 74 72 2c 62 6c 6f 77 66 69 73 68  ish-ctr,blowfish
  00000450  2d 63 62 63 2c 61 72 63 66 6f 75 72 32 35 36 2c  -cbc,arcfour256,
  00000460  61 72 63 66 6f 75 72 31 32 38 00 00 00 c7 68 6d  arcfour128....hm
  00000470  61 63 2d 73 68 61 32 2d 32 35 36 2c 68 6d 61 63  ac-sha2-256,hmac
  00000480  2d 73 68 61 32 2d 35 31 32 2c 68 6d 61 63 2d 73  -sha2-512,hmac-s
  00000490  68 61 31 2c 68 6d 61 63 2d 73 68 61 31 2d 39 36  ha1,hmac-sha1-96
  000004a0  2c 68 6d 61 63 2d 6d 64 35 2c 68 6d 61 63 2d 73  ,hmac-md5,hmac-s
  000004b0  68 61 32 2d 32 35 36 2d 65 74 6d 40 6f 70 65 6e  ha2-256-etm@open
  000004c0  73 73 68 2e 63 6f 6d 2c 68 6d 61 63 2d 73 68 61  ssh.com,hmac-sha
  000004d0  32 2d 35 31 32 2d 65 74 6d 40 6f 70 65 6e 73 73  2-512-etm@openss
  000004e0  68 2e 63 6f 6d 2c 68 6d 61 63 2d 73 68 61 31 2d  h.com,hmac-sha1-
  000004f0  65 74 6d 40 6f 70 65 6e 73 73 68 2e 63 6f 6d 2c  etm@openssh.com,
  00000500  68 6d 61 63 2d 73 68 61 31 2d 39 36 2d 65 74 6d  hmac-sha1-96-etm
  00000510  40 6f 70 65 6e 73 73 68 2e 63 6f 6d 2c 68 6d 61  @openssh.com,hma
  00000520  63 2d 6d 64 35 2d 65 74 6d 40 6f 70 65 6e 73 73  c-md5-etm@openss
  00000530  68 2e 63 6f 6d 00 00 00 c7 68 6d 61 63 2d 73 68  h.com....hmac-sh
  00000540  61 32 2d 32 35 36 2c 68 6d 61 63 2d 73 68 61 32  a2-256,hmac-sha2
  00000550  2d 35 31 32 2c 68 6d 61 63 2d 73 68 61 31 2c 68  -512,hmac-sha1,h
  00000560  6d 61 63 2d 73 68 61 31 2d 39 36 2c 68 6d 61 63  mac-sha1-96,hmac
  00000570  2d 6d 64 35 2c 68 6d 61 63 2d 73 68 61 32 2d 32  -md5,hmac-sha2-2
  00000580  35 36 2d 65 74 6d 40 6f 70 65 6e 73 73 68 2e 63  56-etm@openssh.c
  00000590  6f 6d 2c 68 6d 61 63 2d 73 68 61 32 2d 35 31 32  om,hmac-sha2-512
  000005a0  2d 65 74 6d 40 6f 70 65 6e 73 73 68 2e 63 6f 6d  -etm@openssh.com
  000005b0  2c 68 6d 61 63 2d 73 68 61 31 2d 65 74 6d 40 6f  ,hmac-sha1-etm@o
  000005c0  70 65 6e 73 73 68 2e 63 6f 6d 2c 68 6d 61 63 2d  penssh.com,hmac-
  000005d0  73 68 61 31 2d 39 36 2d 65 74 6d 40 6f 70 65 6e  sha1-96-etm@open
  000005e0  73 73 68 2e 63 6f 6d 2c 68 6d 61 63 2d 6d 64 35  ssh.com,hmac-md5
  000005f0  2d 65 74 6d 40 6f 70 65 6e 73 73 68 2e 63 6f 6d  -etm@openssh.com
  00000600  00 00 00 1a 6e 6f 6e 65 2c 7a 6c 69 62 2c 7a 6c  ....none,zlib,zl
  00000610  69 62 40 6f 70 65 6e 73 73 68 2e 63 6f 6d 00 00  ib@openssh.com..
  00000620  00 1a 6e 6f 6e 65 2c 7a 6c 69 62 2c 7a 6c 69 62  ..none,zlib,zlib
  00000630  40 6f 70 65 6e 73 73 68 2e 63 6f 6d 00 00 00 00  @openssh.com....
  00000640  00 00 00 00 00 00 00 00 00 01 19 31 0e 17 db 2c  ...........1...,
Incoming raw data at 2024-08-12 14:22:47
  00000000  00 00 04 5c 07 14 93 0a 80 06 8a f6 55 bb 1d 9b  ...\........U...
  00000010  f3 94 97 29 b8 1b 00 00 01 31 73 6e 74 72 75 70  ...).....1sntrup
  00000020  37 36 31 78 32 35 35 31 39 2d 73 68 61 35 31 32  761x25519-sha512
  00000030  40 6f 70 65 6e 73 73 68 2e 63 6f 6d 2c 63 75 72  @openssh.com,cur
  00000040  76 65 32 35 35 31 39 2d 73 68 61 32 35 36 2c 63  ve25519-sha256,c
  00000050  75 72 76 65 32 35 35 31 39 2d 73 68 61 32 35 36  urve25519-sha256
  00000060  40 6c 69 62 73 73 68 2e 6f 72 67 2c 65 63 64 68  @libssh.org,ecdh
  00000070  2d 73 68 61 32 2d 6e 69 73 74 70 32 35 36 2c 65  -sha2-nistp256,e
  00000080  63 64 68 2d 73 68 61 32 2d 6e 69 73 74 70 33 38  cdh-sha2-nistp38
  00000090  34 2c 65 63 64 68 2d 73 68 61 32 2d 6e 69 73 74  4,ecdh-sha2-nist
  000000a0  70 35 32 31 2c 64 69 66 66 69 65 2d 68 65 6c 6c  p521,diffie-hell
  000000b0  6d 61 6e 2d 67 72 6f 75 70 2d 65 78 63 68 61 6e  man-group-exchan
  000000c0  67 65 2d 73 68 61 32 35 36 2c 64 69 66 66 69 65  ge-sha256,diffie
  000000d0  2d 68 65 6c 6c 6d 61 6e 2d 67 72 6f 75 70 31 36  -hellman-group16
  000000e0  2d 73 68 61 35 31 32 2c 64 69 66 66 69 65 2d 68  -sha512,diffie-h
  000000f0  65 6c 6c 6d 61 6e 2d 67 72 6f 75 70 31 38 2d 73  ellman-group18-s
  00000100  68 61 35 31 32 2c 64 69 66 66 69 65 2d 68 65 6c  ha512,diffie-hel
  00000110  6c 6d 61 6e 2d 67 72 6f 75 70 31 34 2d 73 68 61  lman-group14-sha
  00000120  32 35 36 2c 65 78 74 2d 69 6e 66 6f 2d 73 2c 6b  256,ext-info-s,k
  00000130  65 78 2d 73 74 72 69 63 74 2d 73 2d 76 30 30 40  ex-strict-s-v00@
  00000140  6f 70 65 6e 73 73 68 2e 63 6f 6d 00 00 00 39 72  openssh.com...9r
  00000150  73 61 2d 73 68 61 32 2d 35 31 32 2c 72 73 61 2d  sa-sha2-512,rsa-
  00000160  73 68 61 32 2d 32 35 36 2c 65 63 64 73 61 2d 73  sha2-256,ecdsa-s
  00000170  68 61 32 2d 6e 69 73 74 70 32 35 36 2c 73 73 68  ha2-nistp256,ssh
  00000180  2d 65 64 32 35 35 31 39 00 00 00 6c 63 68 61 63  -ed25519...lchac
  00000190  68 61 32 30 2d 70 6f 6c 79 31 33 30 35 40 6f 70  ha20-poly1305@op
  000001a0  65 6e 73 73 68 2e 63 6f 6d 2c 61 65 73 31 32 38  enssh.com,aes128
  000001b0  2d 63 74 72 2c 61 65 73 31 39 32 2d 63 74 72 2c  -ctr,aes192-ctr,
  000001c0  61 65 73 32 35 36 2d 63 74 72 2c 61 65 73 31 32  aes256-ctr,aes12
  000001d0  38 2d 67 63 6d 40 6f 70 65 6e 73 73 68 2e 63 6f  8-gcm@openssh.co
  000001e0  6d 2c 61 65 73 32 35 36 2d 67 63 6d 40 6f 70 65  m,aes256-gcm@ope
  000001f0  6e 73 73 68 2e 63 6f 6d 00 00 00 6c 63 68 61 63  nssh.com...lchac
  00000200  68 61 32 30 2d 70 6f 6c 79 31 33 30 35 40 6f 70  ha20-poly1305@op
  00000210  65 6e 73 73 68 2e 63 6f 6d 2c 61 65 73 31 32 38  enssh.com,aes128
  00000220  2d 63 74 72 2c 61 65 73 31 39 32 2d 63 74 72 2c  -ctr,aes192-ctr,
  00000230  61 65 73 32 35 36 2d 63 74 72 2c 61 65 73 31 32  aes256-ctr,aes12
  00000240  38 2d 67 63 6d 40 6f 70 65 6e 73 73 68 2e 63 6f  8-gcm@openssh.co
  00000250  6d 2c 61 65 73 32 35 36 2d 67 63 6d 40 6f 70 65  m,aes256-gcm@ope
  00000260  6e 73 73 68 2e 63 6f 6d 00 00 00 d5 75 6d 61 63  nssh.com....umac
  00000270  2d 36 34 2d 65 74 6d 40 6f 70 65 6e 73 73 68 2e  -64-etm@openssh.
  00000280  63 6f 6d 2c 75 6d 61 63 2d 31 32 38 2d 65 74 6d  com,umac-128-etm
  00000290  40 6f 70 65 6e 73 73 68 2e 63 6f 6d 2c 68 6d 61  @openssh.com,hma
  000002a0  63 2d 73 68 61 32 2d 32 35 36 2d 65 74 6d 40 6f  c-sha2-256-etm@o
  000002b0  70 65 6e 73 73 68 2e 63 6f 6d 2c 68 6d 61 63 2d  penssh.com,hmac-
  000002c0  73 68 61 32 2d 35 31 32 2d 65 74 6d 40 6f 70 65  sha2-512-etm@ope
  000002d0  6e 73 73 68 2e 63 6f 6d 2c 68 6d 61 63 2d 73 68  nssh.com,hmac-sh
  000002e0  61 31 2d 65 74 6d 40 6f 70 65 6e 73 73 68 2e 63  a1-etm@openssh.c
  000002f0  6f 6d 2c 75 6d 61 63 2d 36 34 40 6f 70 65 6e 73  om,umac-64@opens
  00000300  73 68 2e 63 6f 6d 2c 75 6d 61 63 2d 31 32 38 40  sh.com,umac-128@
  00000310  6f 70 65 6e 73 73 68 2e 63 6f 6d 2c 68 6d 61 63  openssh.com,hmac
  00000320  2d 73 68 61 32 2d 32 35 36 2c 68 6d 61 63 2d 73  -sha2-256,hmac-s
  00000330  68 61 32 2d 35 31 32 2c 68 6d 61 63 2d 73 68 61  ha2-512,hmac-sha
  00000340  31 00 00 00 d5 75 6d 61 63 2d 36 34 2d 65 74 6d  1....umac-64-etm
  00000350  40 6f 70 65 6e 73 73 68 2e 63 6f 6d 2c 75 6d 61  @openssh.com,uma
  00000360  63 2d 31 32 38 2d 65 74 6d 40 6f 70 65 6e 73 73  c-128-etm@openss
  00000370  68 2e 63 6f 6d 2c 68 6d 61 63 2d 73 68 61 32 2d  h.com,hmac-sha2-
  00000380  32 35 36 2d 65 74 6d 40 6f 70 65 6e 73 73 68 2e  256-etm@openssh.
  00000390  63 6f 6d 2c 68 6d 61 63 2d 73 68 61 32 2d 35 31  com,hmac-sha2-51
  000003a0  32 2d 65 74 6d 40 6f 70 65 6e 73 73 68 2e 63 6f  2-etm@openssh.co
  000003b0  6d 2c 68 6d 61 63 2d 73 68 61 31 2d 65 74 6d 40  m,hmac-sha1-etm@
  000003c0  6f 70 65 6e 73 73 68 2e 63 6f 6d 2c 75 6d 61 63  openssh.com,umac
  000003d0  2d 36 34 40 6f 70 65 6e 73 73 68 2e 63 6f 6d 2c  -64@openssh.com,
  000003e0  75 6d 61 63 2d 31 32 38 40 6f 70 65 6e 73 73 68  umac-128@openssh
  000003f0  2e 63 6f 6d 2c 68 6d 61 63 2d 73 68 61 32 2d 32  .com,hmac-sha2-2
  00000400  35 36 2c 68 6d 61 63 2d 73 68 61 32 2d 35 31 32  56,hmac-sha2-512
  00000410  2c 68 6d 61 63 2d 73 68 61 31 00 00 00 15 6e 6f  ,hmac-sha1....no
  00000420  6e 65 2c 7a 6c 69 62 40 6f 70 65 6e 73 73 68 2e  ne,zlib@openssh.
  00000430  63 6f 6d 00 00 00 15 6e 6f 6e 65 2c 7a 6c 69 62  com....none,zlib
  00000440  40 6f 70 65 6e 73 73 68 2e 63 6f 6d 00 00 00 00  @openssh.com....
  00000450  00 00 00 00 00 00 00 00 00 00 00 00 00 00 00 00  ................
Incoming packet #0x0, type 20 / 0x14 (SSH2_MSG_KEXINIT)
  00000000  93 0a 80 06 8a f6 55 bb 1d 9b f3 94 97 29 b8 1b  ......U......)..
  00000010  00 00 01 31 73 6e 74 72 75 70 37 36 31 78 32 35  ...1sntrup761x25
  00000020  35 31 39 2d 73 68 61 35 31 32 40 6f 70 65 6e 73  519-sha512@opens
  00000030  73 68 2e 63 6f 6d 2c 63 75 72 76 65 32 35 35 31  sh.com,curve2551
  00000040  39 2d 73 68 61 32 35 36 2c 63 75 72 76 65 32 35  9-sha256,curve25
  00000050  35 31 39 2d 73 68 61 32 35 36 40 6c 69 62 73 73  519-sha256@libss
  00000060  68 2e 6f 72 67 2c 65 63 64 68 2d 73 68 61 32 2d  h.org,ecdh-sha2-
  00000070  6e 69 73 74 70 32 35 36 2c 65 63 64 68 2d 73 68  nistp256,ecdh-sh
  00000080  61 32 2d 6e 69 73 74 70 33 38 34 2c 65 63 64 68  a2-nistp384,ecdh
  00000090  2d 73 68 61 32 2d 6e 69 73 74 70 35 32 31 2c 64  -sha2-nistp521,d
  000000a0  69 66 66 69 65 2d 68 65 6c 6c 6d 61 6e 2d 67 72  iffie-hellman-gr
  000000b0  6f 75 70 2d 65 78 63 68 61 6e 67 65 2d 73 68 61  oup-exchange-sha
  000000c0  32 35 36 2c 64 69 66 66 69 65 2d 68 65 6c 6c 6d  256,diffie-hellm
  000000d0  61 6e 2d 67 72 6f 75 70 31 36 2d 73 68 61 35 31  an-group16-sha51
  000000e0  32 2c 64 69 66 66 69 65 2d 68 65 6c 6c 6d 61 6e  2,diffie-hellman
  000000f0  2d 67 72 6f 75 70 31 38 2d 73 68 61 35 31 32 2c  -group18-sha512,
  00000100  64 69 66 66 69 65 2d 68 65 6c 6c 6d 61 6e 2d 67  diffie-hellman-g
  00000110  72 6f 75 70 31 34 2d 73 68 61 32 35 36 2c 65 78  roup14-sha256,ex
  00000120  74 2d 69 6e 66 6f 2d 73 2c 6b 65 78 2d 73 74 72  t-info-s,kex-str
  00000130  69 63 74 2d 73 2d 76 30 30 40 6f 70 65 6e 73 73  ict-s-v00@openss
  00000140  68 2e 63 6f 6d 00 00 00 39 72 73 61 2d 73 68 61  h.com...9rsa-sha
  00000150  32 2d 35 31 32 2c 72 73 61 2d 73 68 61 32 2d 32  2-512,rsa-sha2-2
  00000160  35 36 2c 65 63 64 73 61 2d 73 68 61 32 2d 6e 69  56,ecdsa-sha2-ni
  00000170  73 74 70 32 35 36 2c 73 73 68 2d 65 64 32 35 35  stp256,ssh-ed255
  00000180  31 39 00 00 00 6c 63 68 61 63 68 61 32 30 2d 70  19...lchacha20-p
  00000190  6f 6c 79 31 33 30 35 40 6f 70 65 6e 73 73 68 2e  oly1305@openssh.
  000001a0  63 6f 6d 2c 61 65 73 31 32 38 2d 63 74 72 2c 61  com,aes128-ctr,a
  000001b0  65 73 31 39 32 2d 63 74 72 2c 61 65 73 32 35 36  es192-ctr,aes256
  000001c0  2d 63 74 72 2c 61 65 73 31 32 38 2d 67 63 6d 40  -ctr,aes128-gcm@
  000001d0  6f 70 65 6e 73 73 68 2e 63 6f 6d 2c 61 65 73 32  openssh.com,aes2
  000001e0  35 36 2d 67 63 6d 40 6f 70 65 6e 73 73 68 2e 63  56-gcm@openssh.c
  000001f0  6f 6d 00 00 00 6c 63 68 61 63 68 61 32 30 2d 70  om...lchacha20-p
  00000200  6f 6c 79 31 33 30 35 40 6f 70 65 6e 73 73 68 2e  oly1305@openssh.
  00000210  63 6f 6d 2c 61 65 73 31 32 38 2d 63 74 72 2c 61  com,aes128-ctr,a
  00000220  65 73 31 39 32 2d 63 74 72 2c 61 65 73 32 35 36  es192-ctr,aes256
  00000230  2d 63 74 72 2c 61 65 73 31 32 38 2d 67 63 6d 40  -ctr,aes128-gcm@
  00000240  6f 70 65 6e 73 73 68 2e 63 6f 6d 2c 61 65 73 32  openssh.com,aes2
  00000250  35 36 2d 67 63 6d 40 6f 70 65 6e 73 73 68 2e 63  56-gcm@openssh.c
  00000260  6f 6d 00 00 00 d5 75 6d 61 63 2d 36 34 2d 65 74  om....umac-64-et
  00000270  6d 40 6f 70 65 6e 73 73 68 2e 63 6f 6d 2c 75 6d  m@openssh.com,um
  00000280  61 63 2d 31 32 38 2d 65 74 6d 40 6f 70 65 6e 73  ac-128-etm@opens
  00000290  73 68 2e 63 6f 6d 2c 68 6d 61 63 2d 73 68 61 32  sh.com,hmac-sha2
  000002a0  2d 32 35 36 2d 65 74 6d 40 6f 70 65 6e 73 73 68  -256-etm@openssh
  000002b0  2e 63 6f 6d 2c 68 6d 61 63 2d 73 68 61 32 2d 35  .com,hmac-sha2-5
  000002c0  31 32 2d 65 74 6d 40 6f 70 65 6e 73 73 68 2e 63  12-etm@openssh.c
  000002d0  6f 6d 2c 68 6d 61 63 2d 73 68 61 31 2d 65 74 6d  om,hmac-sha1-etm
  000002e0  40 6f 70 65 6e 73 73 68 2e 63 6f 6d 2c 75 6d 61  @openssh.com,uma
  000002f0  63 2d 36 34 40 6f 70 65 6e 73 73 68 2e 63 6f 6d  c-64@openssh.com
  00000300  2c 75 6d 61 63 2d 31 32 38 40 6f 70 65 6e 73 73  ,umac-128@openss
  00000310  68 2e 63 6f 6d 2c 68 6d 61 63 2d 73 68 61 32 2d  h.com,hmac-sha2-
  00000320  32 35 36 2c 68 6d 61 63 2d 73 68 61 32 2d 35 31  256,hmac-sha2-51
  00000330  32 2c 68 6d 61 63 2d 73 68 61 31 00 00 00 d5 75  2,hmac-sha1....u
  00000340  6d 61 63 2d 36 34 2d 65 74 6d 40 6f 70 65 6e 73  mac-64-etm@opens
  00000350  73 68 2e 63 6f 6d 2c 75 6d 61 63 2d 31 32 38 2d  sh.com,umac-128-
  00000360  65 74 6d 40 6f 70 65 6e 73 73 68 2e 63 6f 6d 2c  etm@openssh.com,
  00000370  68 6d 61 63 2d 73 68 61 32 2d 32 35 36 2d 65 74  hmac-sha2-256-et
  00000380  6d 40 6f 70 65 6e 73 73 68 2e 63 6f 6d 2c 68 6d  m@openssh.com,hm
  00000390  61 63 2d 73 68 61 32 2d 35 31 32 2d 65 74 6d 40  ac-sha2-512-etm@
  000003a0  6f 70 65 6e 73 73 68 2e 63 6f 6d 2c 68 6d 61 63  openssh.com,hmac
  000003b0  2d 73 68 61 31 2d 65 74 6d 40 6f 70 65 6e 73 73  -sha1-etm@openss
  000003c0  68 2e 63 6f 6d 2c 75 6d 61 63 2d 36 34 40 6f 70  h.com,umac-64@op
  000003d0  65 6e 73 73 68 2e 63 6f 6d 2c 75 6d 61 63 2d 31  enssh.com,umac-1
  000003e0  32 38 40 6f 70 65 6e 73 73 68 2e 63 6f 6d 2c 68  28@openssh.com,h
  000003f0  6d 61 63 2d 73 68 61 32 2d 32 35 36 2c 68 6d 61  mac-sha2-256,hma
  00000400  63 2d 73 68 61 32 2d 35 31 32 2c 68 6d 61 63 2d  c-sha2-512,hmac-
  00000410  73 68 61 31 00 00 00 15 6e 6f 6e 65 2c 7a 6c 69  sha1....none,zli
  00000420  62 40 6f 70 65 6e 73 73 68 2e 63 6f 6d 00 00 00  b@openssh.com...
  00000430  15 6e 6f 6e 65 2c 7a 6c 69 62 40 6f 70 65 6e 73  .none,zlib@opens
  00000440  73 68 2e 63 6f 6d 00 00 00 00 00 00 00 00 00 00  sh.com..........
  00000450  00 00 00                                         ...
Event Log: Enabling strict key exchange semantics
Event Log: Doing NTRU Prime / Curve25519 hybrid key exchange, using hash SHA-512 (unaccelerated)
Outgoing packet #0x1, type 30 / 0x1e (SSH2_MSG_KEX_ECDH_INIT)
  00000000  00 00 04 a6 34 8d 78 a1 10 e8 72 9d c2 58 18 f9  ....4.x...r..X..
  00000010  8f 40 9c 3b 21 57 df 63 b7 38 34 13 b1 b8 6a 4b  .@.;!W.c.84...jK
  00000020  a5 9b 72 25 a5 ee a9 d1 8f 76 b7 2f a0 03 fe 64  ..r%.....v./...d
  00000030  bb 90 64 e4 8a 1c 83 d2 c1 3b 66 44 ee c2 c0 43  ..d......;fD...C
  00000040  b9 ac 48 89 24 3f 54 52 ad d6 2c 09 40 0a fd 64  ..H.$?TR..,.@..d
  00000050  d9 84 c3 7e 88 8e 69 df 4f 7e 4b 07 87 0a 3d f7  ...~..i.O~K...=.
  00000060  db a7 e6 69 e3 75 b2 d1 c8 34 4e 68 f6 88 32 7c  ...i.u...4Nh..2|
  00000070  ec 91 4d a7 0b 99 15 c8 7b 4c 61 dd 9a 7e fd 16  ..M.....{La..~..
  00000080  00 c2 7f f7 16 fc b1 fa 99 44 94 77 7b d5 e4 26  .........D.w{..&
  00000090  85 b7 28 c7 f1 f6 b7 a6 63 c2 c2 7d 10 f3 8e d7  ..(.....c..}....
  000000a0  48 03 2d ed cd 2e 7b ad 6b 52 d8 15 89 ad 91 4f  H.-...{.kR.....O
  000000b0  a8 27 3b e3 ad bb 84 df 80 d2 99 0d 00 ab 28 36  .';...........(6
  000000c0  c9 5c 08 8a e4 e0 a3 47 e2 bc aa 79 2d f2 21 b3  .\.....G...y-.!.
  000000d0  2c 2f 6a 30 ec 8b 64 d5 d0 41 a4 a5 38 0a d5 e5  ,/j0..d..A..8...
  000000e0  ef 6f 4d 1d b8 03 ff 70 ff 52 b6 15 be c4 77 70  .oM....p.R....wp
  000000f0  85 63 52 a4 42 14 37 6b 64 c8 98 93 af b3 68 66  .cR.B.7kd.....hf
  00000100  a6 68 a5 84 7c d0 26 26 0b 73 c3 9a 0e a4 07 44  .h..|.&&.s.....D
  00000110  18 69 c0 39 1b aa 80 95 13 48 3d 17 0b 6f 0b 2f  .i.9.....H=..o./
  00000120  90 c6 64 bc 66 75 3c 5c 67 96 88 65 45 5c 64 56  ..d.fu<\g..eE\dV
  00000130  51 0b 3d da da d4 c5 08 63 e7 4f 1a 9f 1d 5c e4  Q.=.....c.O...\.
  00000140  88 5a ed 47 09 db 29 55 39 1e b8 44 63 ae 9a 95  .Z.G..)U9..Dc...
  00000150  c1 c1 5b ba a5 1a 03 0f 02 0e 1b 30 e4 57 21 7c  ..[........0.W!|
  00000160  cc af dd dd 97 49 7a 87 f2 39 0d 47 a7 43 b8 5f  .....Iz..9.G.C._
  00000170  6b 90 ec 94 55 40 f0 87 7c 2c 36 00 6a b4 c0 92  k...U@..|,6.j...
  00000180  b2 96 35 94 ae 8b c3 f6 e5 54 67 1a 72 c8 35 05  ..5......Tg.r.5.
  00000190  6f 17 e7 30 c1 28 32 1e f9 ea e8 a0 d1 98 df 2d  o..0.(2........-
  000001a0  99 8d 5c 39 5e 87 85 4f 1a 9c bd 7d 5a 71 88 92  ..\9^..O...}Zq..
  000001b0  65 a7 6c 3c 57 91 5f b6 27 03 4e 5e f6 bd c0 d9  e.l<W._.'.N^....
  000001c0  9e 35 97 07 1a 66 7d 9c 12 a4 09 fb b5 3a 7d c0  .5...f}......:}.
  000001d0  bc 64 79 57 64 b7 71 f9 b9 cb 6b ff e3 d3 84 95  .dyWd.q...k.....
  000001e0  95 01 6d 2b 92 62 5b 63 ac 56 41 59 ed f4 be 5e  ..m+.b[c.VAY...^
  000001f0  3b 6b ea bf 66 31 de 8d d1 bf 80 9a ea 5d 7a 89  ;k..f1.......]z.
  00000200  53 fb d0 20 9d 81 b1 ca 20 94 56 be 54 02 3a c4  S.. .... .V.T.:.
  00000210  2a 65 e9 95 be 93 5b e9 8f c3 58 0f 22 b4 4d ae  *e....[...X.".M.
  00000220  5c 6d 1a d7 96 79 f6 d5 1c 57 93 9a b1 2d 1c 09  \m...y...W...-..
  00000230  41 d0 64 cd 6e 88 10 50 45 15 d8 69 a9 54 03 6f  A.d.n..PE..i.T.o
  00000240  e5 91 80 cf 94 0d f3 26 f6 21 e7 e6 58 4d a0 3c  .......&.!..XM.<
  00000250  0f 8d 6f d0 cf 70 f3 e8 ef b9 d6 5c 9f cd b3 fb  ..o..p.....\....
  00000260  f7 a1 1c bb 3f df 0d c2 b3 78 18 e2 1e 92 90 6c  ....?....x.....l
  00000270  40 c7 fc 49 b3 bf fb 6e d9 c5 93 68 31 9e 81 e7  @..I...n...h1...
  00000280  9a bc cf 29 74 7a f9 86 08 d5 14 12 75 db 51 34  ...)tz......u.Q4
  00000290  1e bd 75 da f2 df 42 b7 06 06 1b 2a 3b ca c5 fa  ..u...B....*;...
  000002a0  4b d5 2e 27 35 9b cc 0f 6c d2 8b 39 8b 6b ea a3  K..'5...l..9.k..
  000002b0  12 db a3 c5 61 28 52 5a 24 d8 a9 04 5b 6d 45 1d  ....a(RZ$...[mE.
  000002c0  a1 4a d1 5e c3 72 fb bc 2e f2 0e 99 89 40 ad b1  .J.^.r.......@..
  000002d0  bd 3d 72 d6 ce f8 0c f0 e7 89 f1 54 9a 28 8d e9  .=r........T.(..
  000002e0  0f 90 d5 fb f7 85 f4 cb 50 7c 51 c3 06 30 bf 6a  ........P|Q..0.j
  000002f0  f1 74 a0 c1 4f 52 b4 ea 33 5e b8 e6 99 04 16 27  .t..OR..3^.....'
  00000300  94 f3 11 05 17 db b6 8e c9 bd 4d 27 e3 3b 77 5e  ..........M'.;w^
  00000310  41 2a 5f 77 d7 48 2f 3e 15 0f 30 74 38 d1 7c ea  A*_w.H/>..0t8.|.
  00000320  61 4f 52 c6 9d 64 63 60 89 6a 92 a7 d1 8d 8e 67  aOR..dc`.j.....g
  00000330  54 63 aa 31 56 b0 91 d7 cd 27 b3 6c f9 5f 40 26  Tc.1V....'.l._@&
  00000340  79 03 71 ba 80 51 a8 07 98 62 1b f7 ac 8e a9 92  y.q..Q...b......
  00000350  b4 a7 88 8e e0 4d cd fd b5 f0 28 d7 7c 72 26 30  .....M....(.|r&0
  00000360  39 03 8e 46 b1 19 15 5c 12 b0 03 6c 1e c9 59 22  9..F...\...l..Y"
  00000370  8b c7 55 e8 62 6f 4a 43 38 98 4a e3 e9 34 a7 95  ..U.boJC8.J..4..
  00000380  ea 89 65 69 a9 85 f5 2d 87 80 59 2d fb 0d 62 70  ..ei...-..Y-..bp
  00000390  ca 2f 44 81 12 19 de de 68 13 2f af a6 02 49 87  ./D.....h./...I.
  000003a0  80 25 74 28 71 1c 7c c0 41 1a 63 25 09 af c2 b4  .%t(q.|.A.c%....
  000003b0  99 02 ee 3b 20 1b af 5d e3 69 d5 96 d5 61 88 ae  ...; ..].i...a..
  000003c0  7a 90 ab fa 08 f5 6c a4 f2 2d a6 38 f3 02 68 aa  z.....l..-.8..h.
  000003d0  b4 dc 7b 85 2d 8c 02 59 12 8a 79 b5 d9 0c b3 55  ..{.-..Y..y....U
  000003e0  f5 c7 d5 d0 46 92 7f 9a e1 ca 20 77 54 fc 9d 24  ....F..... wT..$
  000003f0  ba ab 30 7b d7 33 bb 3e 00 34 41 2c 72 92 d5 51  ..0{.3.>.4A,r..Q
  00000400  21 18 01 2b db c3 f7 83 ed 54 94 ac cc 46 df bb  !..+.....T...F..
  00000410  61 8d 1b d3 32 42 4c df ca e8 eb af 9b 3c f5 1a  a...2BL......<..
  00000420  43 17 fd e0 f4 5d e4 3e 68 28 45 94 73 62 82 1e  C....].>h(E.sb..
  00000430  db ed 11 e0 f5 c3 80 dc 21 e6 b3 c0 ed ee 4d 04  ........!.....M.
  00000440  12 e0 bb 8b 68 b1 67 49 82 de a0 89 28 89 2e 8b  ....h.gI....(...
  00000450  37 a5 0c 02 d1 12 85 ea 45 71 b2 b1 06 09 95 69  7.......Eq.....i
  00000460  e7 69 e4 41 a5 b9 3b 80 4d 26 05 f6 71 d8 10 2b  .i.A..;.M&..q..+
  00000470  83 12 61 0d b4 2b 12 91 f7 53 c0 cb 96 55 2b b4  ..a..+...S...U+.
  00000480  f1 ab 55 be eb 6a a1 a0 c0 04 ca e6 10 4c d9 10  ..U..j.......L..
  00000490  39 26 60 1d 80 de b0 58 19 59 b6 e6 b4 07 3b f5  9&`....X.Y....;.
  000004a0  3c e6 13 01 2d a7 33 d3 3f 6a                    <...-.3.?j
Outgoing raw data at 2024-08-12 14:22:47
  00000000  00 00 04 b4 08 1e 00 00 04 a6 34 8d 78 a1 10 e8  ..........4.x...
  00000010  72 9d c2 58 18 f9 8f 40 9c 3b 21 57 df 63 b7 38  r..X...@.;!W.c.8
  00000020  34 13 b1 b8 6a 4b a5 9b 72 25 a5 ee a9 d1 8f 76  4...jK..r%.....v
  00000030  b7 2f a0 03 fe 64 bb 90 64 e4 8a 1c 83 d2 c1 3b  ./...d..d......;
  00000040  66 44 ee c2 c0 43 b9 ac 48 89 24 3f 54 52 ad d6  fD...C..H.$?TR..
  00000050  2c 09 40 0a fd 64 d9 84 c3 7e 88 8e 69 df 4f 7e  ,.@..d...~..i.O~
  00000060  4b 07 87 0a 3d f7 db a7 e6 69 e3 75 b2 d1 c8 34  K...=....i.u...4
  00000070  4e 68 f6 88 32 7c ec 91 4d a7 0b 99 15 c8 7b 4c  Nh..2|..M.....{L
  00000080  61 dd 9a 7e fd 16 00 c2 7f f7 16 fc b1 fa 99 44  a..~...........D
  00000090  94 77 7b d5 e4 26 85 b7 28 c7 f1 f6 b7 a6 63 c2  .w{..&..(.....c.
  000000a0  c2 7d 10 f3 8e d7 48 03 2d ed cd 2e 7b ad 6b 52  .}....H.-...{.kR
  000000b0  d8 15 89 ad 91 4f a8 27 3b e3 ad bb 84 df 80 d2  .....O.';.......
  000000c0  99 0d 00 ab 28 36 c9 5c 08 8a e4 e0 a3 47 e2 bc  ....(6.\.....G..
  000000d0  aa 79 2d f2 21 b3 2c 2f 6a 30 ec 8b 64 d5 d0 41  .y-.!.,/j0..d..A
  000000e0  a4 a5 38 0a d5 e5 ef 6f 4d 1d b8 03 ff 70 ff 52  ..8....oM....p.R
  000000f0  b6 15 be c4 77 70 85 63 52 a4 42 14 37 6b 64 c8  ....wp.cR.B.7kd.
  00000100  98 93 af b3 68 66 a6 68 a5 84 7c d0 26 26 0b 73  ....hf.h..|.&&.s
  00000110  c3 9a 0e a4 07 44 18 69 c0 39 1b aa 80 95 13 48  .....D.i.9.....H
  00000120  3d 17 0b 6f 0b 2f 90 c6 64 bc 66 75 3c 5c 67 96  =..o./..d.fu<\g.
  00000130  88 65 45 5c 64 56 51 0b 3d da da d4 c5 08 63 e7  .eE\dVQ.=.....c.
  00000140  4f 1a 9f 1d 5c e4 88 5a ed 47 09 db 29 55 39 1e  O...\..Z.G..)U9.
  00000150  b8 44 63 ae 9a 95 c1 c1 5b ba a5 1a 03 0f 02 0e  .Dc.....[.......
  00000160  1b 30 e4 57 21 7c cc af dd dd 97 49 7a 87 f2 39  .0.W!|.....Iz..9
  00000170  0d 47 a7 43 b8 5f 6b 90 ec 94 55 40 f0 87 7c 2c  .G.C._k...U@..|,
  00000180  36 00 6a b4 c0 92 b2 96 35 94 ae 8b c3 f6 e5 54  6.j.....5......T
  00000190  67 1a 72 c8 35 05 6f 17 e7 30 c1 28 32 1e f9 ea  g.r.5.o..0.(2...
  000001a0  e8 a0 d1 98 df 2d 99 8d 5c 39 5e 87 85 4f 1a 9c  .....-..\9^..O..
  000001b0  bd 7d 5a 71 88 92 65 a7 6c 3c 57 91 5f b6 27 03  .}Zq..e.l<W._.'.
  000001c0  4e 5e f6 bd c0 d9 9e 35 97 07 1a 66 7d 9c 12 a4  N^.....5...f}...
  000001d0  09 fb b5 3a 7d c0 bc 64 79 57 64 b7 71 f9 b9 cb  ...:}..dyWd.q...
  000001e0  6b ff e3 d3 84 95 95 01 6d 2b 92 62 5b 63 ac 56  k.......m+.b[c.V
  000001f0  41 59 ed f4 be 5e 3b 6b ea bf 66 31 de 8d d1 bf  AY...^;k..f1....
  00000200  80 9a ea 5d 7a 89 53 fb d0 20 9d 81 b1 ca 20 94  ...]z.S.. .... .
  00000210  56 be 54 02 3a c4 2a 65 e9 95 be 93 5b e9 8f c3  V.T.:.*e....[...
  00000220  58 0f 22 b4 4d ae 5c 6d 1a d7 96 79 f6 d5 1c 57  X.".M.\m...y...W
  00000230  93 9a b1 2d 1c 09 41 d0 64 cd 6e 88 10 50 45 15  ...-..A.d.n..PE.
  00000240  d8 69 a9 54 03 6f e5 91 80 cf 94 0d f3 26 f6 21  .i.T.o.......&.!
  00000250  e7 e6 58 4d a0 3c 0f 8d 6f d0 cf 70 f3 e8 ef b9  ..XM.<..o..p....
  00000260  d6 5c 9f cd b3 fb f7 a1 1c bb 3f df 0d c2 b3 78  .\........?....x
  00000270  18 e2 1e 92 90 6c 40 c7 fc 49 b3 bf fb 6e d9 c5  .....l@..I...n..
  00000280  93 68 31 9e 81 e7 9a bc cf 29 74 7a f9 86 08 d5  .h1......)tz....
  00000290  14 12 75 db 51 34 1e bd 75 da f2 df 42 b7 06 06  ..u.Q4..u...B...
  000002a0  1b 2a 3b ca c5 fa 4b d5 2e 27 35 9b cc 0f 6c d2  .*;...K..'5...l.
  000002b0  8b 39 8b 6b ea a3 12 db a3 c5 61 28 52 5a 24 d8  .9.k......a(RZ$.
  000002c0  a9 04 5b 6d 45 1d a1 4a d1 5e c3 72 fb bc 2e f2  ..[mE..J.^.r....
  000002d0  0e 99 89 40 ad b1 bd 3d 72 d6 ce f8 0c f0 e7 89  ...@...=r.......
  000002e0  f1 54 9a 28 8d e9 0f 90 d5 fb f7 85 f4 cb 50 7c  .T.(..........P|
  000002f0  51 c3 06 30 bf 6a f1 74 a0 c1 4f 52 b4 ea 33 5e  Q..0.j.t..OR..3^
  00000300  b8 e6 99 04 16 27 94 f3 11 05 17 db b6 8e c9 bd  .....'..........
  00000310  4d 27 e3 3b 77 5e 41 2a 5f 77 d7 48 2f 3e 15 0f  M'.;w^A*_w.H/>..
  00000320  30 74 38 d1 7c ea 61 4f 52 c6 9d 64 63 60 89 6a  0t8.|.aOR..dc`.j
  00000330  92 a7 d1 8d 8e 67 54 63 aa 31 56 b0 91 d7 cd 27  .....gTc.1V....'
  00000340  b3 6c f9 5f 40 26 79 03 71 ba 80 51 a8 07 98 62  .l._@&y.q..Q...b
  00000350  1b f7 ac 8e a9 92 b4 a7 88 8e e0 4d cd fd b5 f0  ...........M....
  00000360  28 d7 7c 72 26 30 39 03 8e 46 b1 19 15 5c 12 b0  (.|r&09..F...\..
  00000370  03 6c 1e c9 59 22 8b c7 55 e8 62 6f 4a 43 38 98  .l..Y"..U.boJC8.
  00000380  4a e3 e9 34 a7 95 ea 89 65 69 a9 85 f5 2d 87 80  J..4....ei...-..
  00000390  59 2d fb 0d 62 70 ca 2f 44 81 12 19 de de 68 13  Y-..bp./D.....h.
  000003a0  2f af a6 02 49 87 80 25 74 28 71 1c 7c c0 41 1a  /...I..%t(q.|.A.
  000003b0  63 25 09 af c2 b4 99 02 ee 3b 20 1b af 5d e3 69  c%.......; ..].i
  000003c0  d5 96 d5 61 88 ae 7a 90 ab fa 08 f5 6c a4 f2 2d  ...a..z.....l..-
  000003d0  a6 38 f3 02 68 aa b4 dc 7b 85 2d 8c 02 59 12 8a  .8..h...{.-..Y..
  000003e0  79 b5 d9 0c b3 55 f5 c7 d5 d0 46 92 7f 9a e1 ca  y....U....F.....
  000003f0  20 77 54 fc 9d 24 ba ab 30 7b d7 33 bb 3e 00 34   wT..$..0{.3.>.4
  00000400  41 2c 72 92 d5 51 21 18 01 2b db c3 f7 83 ed 54  A,r..Q!..+.....T
  00000410  94 ac cc 46 df bb 61 8d 1b d3 32 42 4c df ca e8  ...F..a...2BL...
  00000420  eb af 9b 3c f5 1a 43 17 fd e0 f4 5d e4 3e 68 28  ...<..C....].>h(
  00000430  45 94 73 62 82 1e db ed 11 e0 f5 c3 80 dc 21 e6  E.sb..........!.
  00000440  b3 c0 ed ee 4d 04 12 e0 bb 8b 68 b1 67 49 82 de  ....M.....h.gI..
  00000450  a0 89 28 89 2e 8b 37 a5 0c 02 d1 12 85 ea 45 71  ..(...7.......Eq
  00000460  b2 b1 06 09 95 69 e7 69 e4 41 a5 b9 3b 80 4d 26  .....i.i.A..;.M&
  00000470  05 f6 71 d8 10 2b 83 12 61 0d b4 2b 12 91 f7 53  ..q..+..a..+...S
  00000480  c0 cb 96 55 2b b4 f1 ab 55 be eb 6a a1 a0 c0 04  ...U+...U..j....
  00000490  ca e6 10 4c d9 10 39 26 60 1d 80 de b0 58 19 59  ...L..9&`....X.Y
  000004a0  b6 e6 b4 07 3b f5 3c e6 13 01 2d a7 33 d3 3f 6a  ....;.<...-.3.?j
  000004b0  20 92 73 cf de cb 74 33                           .s...t3
Incoming raw data at 2024-08-12 14:22:48
  00000000  00 00 04 cc 09 1f 00 00 00 33 00 00 00 0b 73 73  .........3....ss
  00000010  68 2d 65 64 32 35 35 31 39 00 00 00 20 57 53 1a  h-ed25519... WS.
  00000020  a7 37 eb a1 0a bd 7d f6 e4 90 12 22 11 89 13 17  .7....}...."....
  00000030  3b 57 cb 77 78 48 93 e7 15 64 17 89 f0 00 00 04  ;W.wxH...d......
  00000040  2f 4a 3d 1a f0 38 12 50 56 2c 5e 12 26 36 48 61  /J=..8.PV,^.&6Ha
  00000050  11 27 a4 16 f0 bc 34 dd 1c 98 6d e9 af 5c ed 2a  .'....4...m..\.*
  00000060  a0 8c b9 6c 57 7f 3a 97 fe 26 e8 f8 80 2b fe 11  ...lW.:..&...+..
  00000070  fb c3 8f e6 bf 30 4e 60 80 0b 0f 82 11 81 51 53  .....0N`......QS
  00000080  be 9b 84 75 d0 aa b2 51 96 9a 9e 17 c7 bd b8 52  ...u...Q.......R
  00000090  82 9d 85 be d3 c5 37 5c 9f 22 48 71 ad 41 13 6f  ......7\."Hq.A.o
  000000a0  c9 3b c4 92 db 86 bb 12 65 a7 32 4b 4f da db 19  .;......e.2KO...
  000000b0  70 f9 3a 6e c4 9f 71 a5 e9 e6 a9 77 4a 2c 6a 4e  p.:n..q....wJ,jN
  000000c0  d7 9d ee f8 f6 09 f5 ed f3 75 12 e3 5b a9 3c fb  .........u..[.<.
  000000d0  9b 2a d4 f3 33 44 1c de 49 ae 3e 9b 85 fc 29 7a  .*..3D..I.>...)z
  000000e0  b5 ff 55 51 d2 9d c8 60 55 e8 ba 3f b8 95 8b 29  ..UQ...`U..?...)
  000000f0  aa c4 dd 92 52 21 ca be 57 29 1e 61 7b 93 74 e6  ....R!..W).a{.t.
  00000100  08 45 c5 74 3e d3 09 c4 d4 97 b7 2b bf f0 33 aa  .E.t>......+..3.
  00000110  97 3a 65 80 fb 3a 39 74 38 2b 74 71 e0 89 2b 39  .:e..:9t8+tq..+9
  00000120  3b 1e 27 9c b6 82 e1 9c 2a fb c6 84 df 0e 5f ac  ;.'.....*....._.
  00000130  3b b1 5a cc 89 5a fb 10 21 d4 c5 74 e9 d6 bd a5  ;.Z..Z..!..t....
  00000140  62 ce e2 23 0c bf d6 f5 04 7c 53 d0 3f be 30 c2  b..#.....|S.?.0.
  00000150  a5 1c 9c 28 2a 38 44 09 d8 e7 bb 55 1d 13 a1 2e  ...(*8D....U....
  00000160  b9 81 3a 33 b1 64 3f ac 52 98 ef fa 5c bd d7 64  ..:3.d?.R...\..d
  00000170  91 5d 2d da ad f3 2d 8c 67 36 49 b7 50 bd 74 b4  .]-...-.g6I.P.t.
  00000180  aa 0b fa 69 eb a6 4d 07 7e 6e b8 fc c1 9d 2e b9  ...i..M.~n......
  00000190  0a 2a 52 69 70 78 1c 6a 10 9b d5 33 39 a3 11 2a  .*Ripx.j...39..*
  000001a0  41 c5 ba 20 89 4e 16 e2 48 56 cf 57 3c f4 7d ce  A.. .N..HV.W<.}.
  000001b0  9d 8b e0 d5 da fe 14 98 17 4b 29 33 c5 bd 70 75  .........K)3..pu
  000001c0  e7 24 7a fb e4 a9 ed 81 5b 3a 2e e6 56 b1 f2 67  .$z.....[:..V..g
  000001d0  f6 87 a1 ce 22 ac 5a 59 93 a9 68 fe 92 0a 24 75  ....".ZY..h...$u
  000001e0  8e a3 90 97 f4 58 db 9b d5 9b eb 0f 67 64 da 0a  .....X......gd..
  000001f0  26 16 95 d6 c3 3b 04 07 7c 7f 73 1c 75 dd c5 d5  &....;..|.s.u...
  00000200  e3 3d 06 58 1d 15 55 7b 2a 8d 28 69 f3 fb 26 af  .=.X..U{*.(i..&.
  00000210  db 67 d5 93 8e 49 c0 aa 8c 15 f1 05 95 39 0d 48  .g...I.......9.H
  00000220  46 93 cc f3 d6 5e 84 67 b1 4b 2c 18 ac 25 68 92  F....^.g.K,..%h.
  00000230  ec 26 5c e4 dd 45 c2 72 35 c4 4d ce 79 19 06 2e  .&\..E.r5.M.y...
  00000240  dc 33 52 56 07 b7 80 74 e8 1e 44 17 3a c0 b8 50  .3RV...t..D.:..P
  00000250  1d 1f 23 64 97 f0 22 f0 b4 44 69 0e 28 8e 99 5e  ..#d.."..Di.(..^
  00000260  ee c5 3f af 9a 62 85 72 5c e1 ca 92 da 9b 1a 7c  ..?..b.r\......|
  00000270  23 c0 2f 56 a7 22 7a ce 59 74 47 d6 93 be 40 e3  #./V."z.YtG...@.
  00000280  48 44 1c a4 45 15 55 c3 37 49 3c 98 3c 02 c3 61  HD..E.U.7I<.<..a
  00000290  24 21 ef e0 81 bf b7 1e 42 b5 36 aa 4d 84 99 e0  $!......B.6.M...
  000002a0  18 24 ba 17 63 c1 15 73 80 ec 77 16 bc c4 af ae  .$..c..s..w.....
  000002b0  da 63 f4 4a 96 26 cd 3a f5 68 24 70 94 db d6 94  .c.J.&.:.h$p....
  000002c0  15 66 c4 51 7a 31 86 fd a6 b9 53 42 91 c2 8d 81  .f.Qz1....SB....
  000002d0  18 11 b1 76 ba 2c 31 64 27 9e 12 73 05 d4 51 98  ...v.,1d'..s..Q.
  000002e0  61 c6 6d 45 0a 5a a0 1a 92 d3 b7 42 ca 88 5e b9  a.mE.Z.....B..^.
  000002f0  99 01 f7 97 8d 98 a2 90 6a b6 9d 75 0a 0e 5b 3d  ........j..u..[=
  00000300  cd bc 48 1f 74 a7 14 7e 78 2e 48 ec b3 fe 2b e4  ..H.t..~x.H...+.
  00000310  39 57 b0 0e 23 c3 95 62 64 da ea ff ae c2 de b0  9W..#..bd.......
  00000320  76 7c 63 8b a8 2e bd e4 5d a2 0a 53 78 21 9e b3  v|c.....]..Sx!..
  00000330  77 76 4b 14 25 b7 1e 8a d0 4b 63 a6 47 d6 fa d5  wvK.%....Kc.G...
  00000340  98 e1 6a 69 7b 2c 34 2c 07 ab db 95 b8 eb fa d3  ..ji{,4,........
  00000350  e0 55 3e ff 94 c2 ed f8 68 b7 c9 8e fa f2 54 b8  .U>.....h.....T.
  00000360  f4 6f 97 07 8a 21 6d 1d e6 76 dc 7f 2c a6 cd a8  .o...!m..v..,...
  00000370  e4 01 d4 d0 c8 7b 03 5c a7 bf 88 9c a4 fe b2 e8  .....{.\........
  00000380  d5 10 15 d1 75 48 3f 3d b7 d3 07 23 b6 a6 40 ec  ....uH?=...#..@.
  00000390  c8 05 00 d0 8d ef 05 84 84 f3 35 b0 c6 22 1b 9d  ..........5.."..
  000003a0  a8 24 78 60 67 4a 03 13 c5 75 00 58 78 be 00 e1  .$x`gJ...u.Xx...
  000003b0  26 c4 9c 22 32 55 bc a7 f6 d5 b2 80 a1 22 a8 5b  &.."2U.......".[
  000003c0  2d 44 70 26 a4 c9 cd 10 8f 8e 10 5f 45 5d 4c 6a  -Dp&......._E]Lj
  000003d0  82 49 86 cd ac 17 90 e0 d0 8f f2 d6 48 71 cf ed  .I..........Hq..
  000003e0  4a 27 ad bf 9b fc cb aa ea 12 42 27 37 64 c4 82  J'........B'7d..
  000003f0  72 87 da ac 94 32 40 b4 c1 8f 98 df 3b 85 d9 59  r....2@.....;..Y
  00000400  b0 8c b0 e9 a9 5d 88 db 23 0d d3 a6 e5 f9 b2 ff  .....]..#.......
  00000410  e6 79 cf 7a 14 a6 32 fb 1b d8 97 8a 68 c0 63 5b  .y.z..2.....h.c[
  00000420  96 7b c3 ba 8e 95 06 f6 d7 26 92 93 59 5c d2 04  .{.......&..Y\..
  00000430  57 01 fa 2e f1 b3 f2 0f e2 9f 0b 1c 60 79 d4 f7  W...........`y..
  00000440  79 a3 8d 25 73 17 84 1d ec fd 12 4e 0a 88 f4 c5  y..%s......N....
  00000450  36 8c 9b 62 9b 87 09 56 43 3f c3 49 b9 da b4 19  6..b...VC?.I....
  00000460  48 a2 93 f6 d3 62 ca ed ef d6 ce 9e bb 7b 96 21  H....b.......{.!
  00000470  00 00 00 53 00 00 00 0b 73 73 68 2d 65 64 32 35  ...S....ssh-ed25
  00000480  35 31 39 00 00 00 40 a7 d7 bd 49 88 5c ff 1f 58  519...@...I.\..X
  00000490  87 e3 85 77 a2 ad fc 44 d9 35 2f 10 00 2a 29 10  ...w...D.5/..*).
  000004a0  f4 2f 84 4d a7 d2 ea d6 c8 85 ef a9 0c 98 d4 f9  ./.M............
  000004b0  49 06 64 6c 0a ee 82 83 01 ce 87 d9 53 21 05 d2  I.dl........S!..
  000004c0  51 b3 e9 d2 68 05 05 00 00 00 00 00 00 00 00 00  Q...h...........
  000004d0  00 00 00 0c 0a 15 00 00 00 00 00 00 00 00 00 00  ................
  000004e0  89 f9 ab 94 4d 4f bd fb 4a eb 0b 10 74 0b e9 34  ....MO..J...t..4
  000004f0  01 ee 32 14 a8 64 7f 58 8c 69 87 59 c8 30 12 91  ..2..d.X.i.Y.0..
  00000500  52 99 5c 0a 8f 19 20 5f 52 f1 10 00 60 cb 95 1c  R.\... _R...`...
  00000510  7c ac a2 2a 5f 65 ed b9 f3 ad 55 b4 dc 13 da 4e  |..*_e....U....N
  00000520  f7 79 14 8d ab 85 c3 72 59 b7 a3 23 70 3e 89 93  .y.....rY..#p>..
  00000530  69 4f e5 34 5f 97 30 f0 8c ca c9 e7 cc 0f c6 fd  iO.4_.0.........
  00000540  16 62 61 e5 3d 76 89 43 b8 d6 27 09 c8 fd 48 2a  .ba.=v.C..'...H*
  00000550  e2 70 f4 65 39 34 76 8b 79 39 4d b7 5d 5f cd 8a  .p.e94v.y9M.]_..
  00000560  61 b0 71 17 1d 13 d8 55 c0 94 ea 2a b6 5e 64 9c  a.q....U...*.^d.
  00000570  58 79 2d 98 37 03 37 02 03 51 11 a0 a6 b7 01 c9  Xy-.7.7..Q......
  00000580  34 85 00 eb f7 ed 5e ce 1f c7 be 4d ce a9 8b d2  4.....^....M....
  00000590  48 ea 8f 0e 81 72 7e 17 61 c3 a8 23 b0 81 ea 8c  H....r~.a..#....
  000005a0  b5 41 ae 97 b6 7f 3d be 3a bb 36 5d eb c2 50 bf  .A....=.:.6]..P.
  000005b0  40 db 51 fb 97 87 4f 81 dc 57 e7 7e b5 86 dd f1  @.Q...O..W.~....
  000005c0  d0 a4 d4 0c 90 a6 c7 1f 85 31 3e 8a 29 bf da a5  .........1>.)...
  000005d0  b3 0e 42 de 3b 8d 50 66 41 34 c5 11 dd 7f a8 a7  ..B.;.PfA4......
  000005e0  fd f2 3e d9 b1 e9 e5 78 65 43 df 1b d6 52 e8 6b  ..>....xeC...R.k
  000005f0  ac fb a9 3c 45 b2 59 90 76 f4 e8 bc bd e1 e1 d0  ...<E.Y.v.......
  00000600  a8 db fb 67 97 14 5b 5e cd f7 40 46 97 e7 bd e8  ...g..[^..@F....
Incoming packet #0x1, type 31 / 0x1f (SSH2_MSG_KEX_ECDH_REPLY)
  00000000  00 00 00 33 00 00 00 0b 73 73 68 2d 65 64 32 35  ...3....ssh-ed25
  00000010  35 31 39 00 00 00 20 57 53 1a a7 37 eb a1 0a bd  519... WS..7....
  00000020  7d f6 e4 90 12 22 11 89 13 17 3b 57 cb 77 78 48  }...."....;W.wxH
  00000030  93 e7 15 64 17 89 f0 00 00 04 2f 4a 3d 1a f0 38  ...d....../J=..8
  00000040  12 50 56 2c 5e 12 26 36 48 61 11 27 a4 16 f0 bc  .PV,^.&6Ha.'....
  00000050  34 dd 1c 98 6d e9 af 5c ed 2a a0 8c b9 6c 57 7f  4...m..\.*...lW.
  00000060  3a 97 fe 26 e8 f8 80 2b fe 11 fb c3 8f e6 bf 30  :..&...+.......0
  00000070  4e 60 80 0b 0f 82 11 81 51 53 be 9b 84 75 d0 aa  N`......QS...u..
  00000080  b2 51 96 9a 9e 17 c7 bd b8 52 82 9d 85 be d3 c5  .Q.......R......
  00000090  37 5c 9f 22 48 71 ad 41 13 6f c9 3b c4 92 db 86  7\."Hq.A.o.;....
  000000a0  bb 12 65 a7 32 4b 4f da db 19 70 f9 3a 6e c4 9f  ..e.2KO...p.:n..
  000000b0  71 a5 e9 e6 a9 77 4a 2c 6a 4e d7 9d ee f8 f6 09  q....wJ,jN......
  000000c0  f5 ed f3 75 12 e3 5b a9 3c fb 9b 2a d4 f3 33 44  ...u..[.<..*..3D
  000000d0  1c de 49 ae 3e 9b 85 fc 29 7a b5 ff 55 51 d2 9d  ..I.>...)z..UQ..
  000000e0  c8 60 55 e8 ba 3f b8 95 8b 29 aa c4 dd 92 52 21  .`U..?...)....R!
  000000f0  ca be 57 29 1e 61 7b 93 74 e6 08 45 c5 74 3e d3  ..W).a{.t..E.t>.
  00000100  09 c4 d4 97 b7 2b bf f0 33 aa 97 3a 65 80 fb 3a  .....+..3..:e..:
  00000110  39 74 38 2b 74 71 e0 89 2b 39 3b 1e 27 9c b6 82  9t8+tq..+9;.'...
  00000120  e1 9c 2a fb c6 84 df 0e 5f ac 3b b1 5a cc 89 5a  ..*....._.;.Z..Z
  00000130  fb 10 21 d4 c5 74 e9 d6 bd a5 62 ce e2 23 0c bf  ..!..t....b..#..
  00000140  d6 f5 04 7c 53 d0 3f be 30 c2 a5 1c 9c 28 2a 38  ...|S.?.0....(*8
  00000150  44 09 d8 e7 bb 55 1d 13 a1 2e b9 81 3a 33 b1 64  D....U......:3.d
  00000160  3f ac 52 98 ef fa 5c bd d7 64 91 5d 2d da ad f3  ?.R...\..d.]-...
  00000170  2d 8c 67 36 49 b7 50 bd 74 b4 aa 0b fa 69 eb a6  -.g6I.P.t....i..
  00000180  4d 07 7e 6e b8 fc c1 9d 2e b9 0a 2a 52 69 70 78  M.~n.......*Ripx
  00000190  1c 6a 10 9b d5 33 39 a3 11 2a 41 c5 ba 20 89 4e  .j...39..*A.. .N
  000001a0  16 e2 48 56 cf 57 3c f4 7d ce 9d 8b e0 d5 da fe  ..HV.W<.}.......
  000001b0  14 98 17 4b 29 33 c5 bd 70 75 e7 24 7a fb e4 a9  ...K)3..pu.$z...
  000001c0  ed 81 5b 3a 2e e6 56 b1 f2 67 f6 87 a1 ce 22 ac  ..[:..V..g....".
  000001d0  5a 59 93 a9 68 fe 92 0a 24 75 8e a3 90 97 f4 58  ZY..h...$u.....X
  000001e0  db 9b d5 9b eb 0f 67 64 da 0a 26 16 95 d6 c3 3b  ......gd..&....;
  000001f0  04 07 7c 7f 73 1c 75 dd c5 d5 e3 3d 06 58 1d 15  ..|.s.u....=.X..
  00000200  55 7b 2a 8d 28 69 f3 fb 26 af db 67 d5 93 8e 49  U{*.(i..&..g...I
  00000210  c0 aa 8c 15 f1 05 95 39 0d 48 46 93 cc f3 d6 5e  .......9.HF....^
  00000220  84 67 b1 4b 2c 18 ac 25 68 92 ec 26 5c e4 dd 45  .g.K,..%h..&\..E
  00000230  c2 72 35 c4 4d ce 79 19 06 2e dc 33 52 56 07 b7  .r5.M.y....3RV..
  00000240  80 74 e8 1e 44 17 3a c0 b8 50 1d 1f 23 64 97 f0  .t..D.:..P..#d..
  00000250  22 f0 b4 44 69 0e 28 8e 99 5e ee c5 3f af 9a 62  "..Di.(..^..?..b
  00000260  85 72 5c e1 ca 92 da 9b 1a 7c 23 c0 2f 56 a7 22  .r\......|#./V."
  00000270  7a ce 59 74 47 d6 93 be 40 e3 48 44 1c a4 45 15  z.YtG...@.HD..E.
  00000280  55 c3 37 49 3c 98 3c 02 c3 61 24 21 ef e0 81 bf  U.7I<.<..a$!....
  00000290  b7 1e 42 b5 36 aa 4d 84 99 e0 18 24 ba 17 63 c1  ..B.6.M....$..c.
  000002a0  15 73 80 ec 77 16 bc c4 af ae da 63 f4 4a 96 26  .s..w......c.J.&
  000002b0  cd 3a f5 68 24 70 94 db d6 94 15 66 c4 51 7a 31  .:.h$p.....f.Qz1
  000002c0  86 fd a6 b9 53 42 91 c2 8d 81 18 11 b1 76 ba 2c  ....SB.......v.,
  000002d0  31 64 27 9e 12 73 05 d4 51 98 61 c6 6d 45 0a 5a  1d'..s..Q.a.mE.Z
  000002e0  a0 1a 92 d3 b7 42 ca 88 5e b9 99 01 f7 97 8d 98  .....B..^.......
  000002f0  a2 90 6a b6 9d 75 0a 0e 5b 3d cd bc 48 1f 74 a7  ..j..u..[=..H.t.
  00000300  14 7e 78 2e 48 ec b3 fe 2b e4 39 57 b0 0e 23 c3  .~x.H...+.9W..#.
  00000310  95 62 64 da ea ff ae c2 de b0 76 7c 63 8b a8 2e  .bd.......v|c...
  00000320  bd e4 5d a2 0a 53 78 21 9e b3 77 76 4b 14 25 b7  ..]..Sx!..wvK.%.
  00000330  1e 8a d0 4b 63 a6 47 d6 fa d5 98 e1 6a 69 7b 2c  ...Kc.G.....ji{,
  00000340  34 2c 07 ab db 95 b8 eb fa d3 e0 55 3e ff 94 c2  4,.........U>...
  00000350  ed f8 68 b7 c9 8e fa f2 54 b8 f4 6f 97 07 8a 21  ..h.....T..o...!
  00000360  6d 1d e6 76 dc 7f 2c a6 cd a8 e4 01 d4 d0 c8 7b  m..v..,........{
  00000370  03 5c a7 bf 88 9c a4 fe b2 e8 d5 10 15 d1 75 48  .\............uH
  00000380  3f 3d b7 d3 07 23 b6 a6 40 ec c8 05 00 d0 8d ef  ?=...#..@.......
  00000390  05 84 84 f3 35 b0 c6 22 1b 9d a8 24 78 60 67 4a  ....5.."...$x`gJ
  000003a0  03 13 c5 75 00 58 78 be 00 e1 26 c4 9c 22 32 55  ...u.Xx...&.."2U
  000003b0  bc a7 f6 d5 b2 80 a1 22 a8 5b 2d 44 70 26 a4 c9  .......".[-Dp&..
  000003c0  cd 10 8f 8e 10 5f 45 5d 4c 6a 82 49 86 cd ac 17  ....._E]Lj.I....
  000003d0  90 e0 d0 8f f2 d6 48 71 cf ed 4a 27 ad bf 9b fc  ......Hq..J'....
  000003e0  cb aa ea 12 42 27 37 64 c4 82 72 87 da ac 94 32  ....B'7d..r....2
  000003f0  40 b4 c1 8f 98 df 3b 85 d9 59 b0 8c b0 e9 a9 5d  @.....;..Y.....]
  00000400  88 db 23 0d d3 a6 e5 f9 b2 ff e6 79 cf 7a 14 a6  ..#........y.z..
  00000410  32 fb 1b d8 97 8a 68 c0 63 5b 96 7b c3 ba 8e 95  2.....h.c[.{....
  00000420  06 f6 d7 26 92 93 59 5c d2 04 57 01 fa 2e f1 b3  ...&..Y\..W.....
  00000430  f2 0f e2 9f 0b 1c 60 79 d4 f7 79 a3 8d 25 73 17  ......`y..y..%s.
  00000440  84 1d ec fd 12 4e 0a 88 f4 c5 36 8c 9b 62 9b 87  .....N....6..b..
  00000450  09 56 43 3f c3 49 b9 da b4 19 48 a2 93 f6 d3 62  .VC?.I....H....b
  00000460  ca ed ef d6 ce 9e bb 7b 96 21 00 00 00 53 00 00  .......{.!...S..
  00000470  00 0b 73 73 68 2d 65 64 32 35 35 31 39 00 00 00  ..ssh-ed25519...
  00000480  40 a7 d7 bd 49 88 5c ff 1f 58 87 e3 85 77 a2 ad  @...I.\..X...w..
  00000490  fc 44 d9 35 2f 10 00 2a 29 10 f4 2f 84 4d a7 d2  .D.5/..*)../.M..
  000004a0  ea d6 c8 85 ef a9 0c 98 d4 f9 49 06 64 6c 0a ee  ..........I.dl..
  000004b0  82 83 01 ce 87 d9 53 21 05 d2 51 b3 e9 d2 68 05  ......S!..Q...h.
  000004c0  05                                               .
Incoming packet #0x2, type 21 / 0x15 (SSH2_MSG_NEWKEYS)
Event Log: Server also has ecdsa-sha2-nistp256/rsa-sha2-512/rsa-sha2-256 host keys, but we don't know any of them
Event Log: Host key fingerprint is:
Event Log: ssh-ed25519 255 SHA256:TaTqRMa/EtTNPcxD2CTGErO/Jf3rHWpC/Gyw1Z/vpbk
Outgoing packet #0x2, type 21 / 0x15 (SSH2_MSG_NEWKEYS)
Event Log: Initialised AES-256 SDCTR (AES-NI accelerated) outbound encryption
Event Log: Initialised HMAC-SHA-256 (unaccelerated) outbound MAC algorithm
Event Log: Initialised AES-256 SDCTR (AES-NI accelerated) inbound encryption
Event Log: Initialised HMAC-SHA-256 (unaccelerated) inbound MAC algorithm
Outgoing packet #0x0, type 5 / 0x05 (SSH2_MSG_SERVICE_REQUEST)
  00000000  00 00 00 0c 73 73 68 2d 75 73 65 72 61 75 74 68  ....ssh-userauth
Outgoing raw data at 2024-08-12 14:22:48
  00000000  00 00 00 0c 0a 15 20 33 26 d7 f9 3e b9 4f d2 c0  ...... 3&..>.O..
  00000010  3f 87 31 7e c8 a6 51 2a a2 5c f3 95 12 7e ed 25  ?.1~..Q*.\...~.%
  00000020  52 70 d4 ad c7 a5 00 93 06 f3 9a 34 4c a6 16 3d  Rp.........4L..=
  00000030  c4 b7 5b 51 8c c0 4d c1 12 13 0c ff 0b 55 8c 8f  ..[Q..M......U..
  00000040  48 3f cf 20 a8 c5 be fe 69 b1 27 8f b8 8b 41 a0  H?. ....i.'...A.
Incoming packet #0x0, type 7 / 0x07 (SSH2_MSG_EXT_INFO)
  00000000  00 00 00 03 00 00 00 0f 73 65 72 76 65 72 2d 73  ........server-s
  00000010  69 67 2d 61 6c 67 73 00 00 00 9f 73 73 68 2d 65  ig-algs....ssh-e
  00000020  64 32 35 35 31 39 2c 65 63 64 73 61 2d 73 68 61  d25519,ecdsa-sha
  00000030  32 2d 6e 69 73 74 70 32 35 36 2c 65 63 64 73 61  2-nistp256,ecdsa
  00000040  2d 73 68 61 32 2d 6e 69 73 74 70 33 38 34 2c 65  -sha2-nistp384,e
  00000050  63 64 73 61 2d 73 68 61 32 2d 6e 69 73 74 70 35  cdsa-sha2-nistp5
  00000060  32 31 2c 73 6b 2d 73 73 68 2d 65 64 32 35 35 31  21,sk-ssh-ed2551
  00000070  39 40 6f 70 65 6e 73 73 68 2e 63 6f 6d 2c 73 6b  9@openssh.com,sk
  00000080  2d 65 63 64 73 61 2d 73 68 61 32 2d 6e 69 73 74  -ecdsa-sha2-nist
  00000090  70 32 35 36 40 6f 70 65 6e 73 73 68 2e 63 6f 6d  p256@openssh.com
  000000a0  2c 72 73 61 2d 73 68 61 32 2d 35 31 32 2c 72 73  ,rsa-sha2-512,rs
  000000b0  61 2d 73 68 61 32 2d 32 35 36 00 00 00 1f 70 75  a-sha2-256....pu
  000000c0  62 6c 69 63 6b 65 79 2d 68 6f 73 74 62 6f 75 6e  blickey-hostboun
  000000d0  64 40 6f 70 65 6e 73 73 68 2e 63 6f 6d 00 00 00  d@openssh.com...
  000000e0  01 30 00 00 00 10 70 69 6e 67 40 6f 70 65 6e 73  .0....ping@opens
  000000f0  73 68 2e 63 6f 6d 00 00 00 01 30                 sh.com....0
Incoming raw data at 2024-08-12 14:22:48
  00000000  f4 a4 8c 9e b5 2f 1f 45 a5 24 6b bd 5f ed cc 3f  ...../.E.$k._..?
  00000010  3d 65 8d 90 03 a2 e2 bf 5f cd 10 53 d8 00 be 72  =e......_..S...r
  00000020  ca d3 44 15 c6 84 44 d6 f4 bc 2a e2 ba de 36 72  ..D...D...*...6r
  00000030  8a 45 30 50 8d 8b ac d6 aa 2e 52 f0 b5 c6 c9 92  .E0P......R.....
Incoming packet #0x1, type 6 / 0x06 (SSH2_MSG_SERVICE_ACCEPT)
  00000000  00 00 00 0c 73 73 68 2d 75 73 65 72 61 75 74 68  ....ssh-userauth
Event Log: Reading key file "C:\Users\admin\Downloads\latest key.ppk"
Outgoing packet #0x1, type 50 / 0x32 (SSH2_MSG_USERAUTH_REQUEST)
  00000000  00 00 00 06 75 62 75 6e 74 75 00 00 00 0e 73 73  ....ubuntu....ss
  00000010  68 2d 63 6f 6e 6e 65 63 74 69 6f 6e 00 00 00 04  h-connection....
  00000020  6e 6f 6e 65                                      none
Outgoing raw data at 2024-08-12 14:22:48
  00000000  38 72 18 c0 eb b8 93 50 7e e0 7a 9c 43 70 57 9c  8r.....P~.z.CpW.
  00000010  87 77 32 44 93 93 38 a8 cd 64 cb 88 26 6d 1a db  .w2D..8..d..&m..
  00000020  16 5f fb 7a f9 ee f5 1b ec 92 c1 12 ad 0d fa ed  ._.z............
  00000030  53 04 09 f0 a1 9f 74 ff 9f 94 f2 65 53 51 a2 44  S.....t....eSQ.D
  00000040  d5 57 a5 a9 9f 41 5b c6 30 61 42 82 4d d7 3a 71  .W...A[.0aB.M.:q
Incoming raw data at 2024-08-12 14:22:48
  00000000  79 52 2f 5f 81 3a 08 dd e9 40 15 e8 1a 4d 50 6e  yR/_.:...@...MPn
  00000010  7c 16 f7 4b fc 13 71 11 57 99 46 7e c3 e6 25 40  |..K..q.W.F~..%@
  00000020  f7 57 93 58 79 61 2f fc f8 54 d4 30 f5 88 0a 84  .W.Xya/..T.0....
  00000030  4d f8 12 4b 0d 9d c0 6b a4 84 9b e1 db 62 41 a5  M..K...k.....bA.
Incoming packet #0x2, type 51 / 0x33 (SSH2_MSG_USERAUTH_FAILURE)
  00000000  00 00 00 09 70 75 62 6c 69 63 6b 65 79 00        ....publickey.
Event Log: Offered public key
Outgoing packet #0x2, type 50 / 0x32 (SSH2_MSG_USERAUTH_REQUEST)
  00000000  00 00 00 06 75 62 75 6e 74 75 00 00 00 0e 73 73  ....ubuntu....ss
  00000010  68 2d 63 6f 6e 6e 65 63 74 69 6f 6e 00 00 00 09  h-connection....
  00000020  70 75 62 6c 69 63 6b 65 79 00 00 00 00 0c 72 73  publickey.....rs
  00000030  61 2d 73 68 61 32 2d 35 31 32 00 00 01 17 00 00  a-sha2-512......
  00000040  00 07 73 73 68 2d 72 73 61 00 00 00 03 01 00 01  ..ssh-rsa.......
  00000050  00 00 01 01 00 d3 2b 48 5d d8 e2 24 32 aa 6b b7  ......+H]..$2.k.
  00000060  21 8c 8a b9 2b 36 8c 07 43 38 0d 22 9a e4 e5 d1  !...+6..C8."....
  00000070  7c bd f7 5c 00 15 f6 af 4f f7 0c 0b 36 1f 9a f0  |..\....O...6...
  00000080  99 d9 25 d8 3c a9 4d 5b 8d e5 9e ef ab 25 64 01  ..%.<.M[.....%d.
  00000090  d2 d3 c4 60 55 14 d4 b2 ec 0f 99 7d 8b 7a 21 ec  ...`U......}.z!.
  000000a0  a7 e1 eb 88 90 e4 95 22 27 8b 5d fb e0 c5 c7 ff  ......."'.].....
  000000b0  7d 8b c0 56 9d 26 5b 2e 5f 25 c5 60 b9 d2 1b df  }..V.&[._%.`....
  000000c0  42 fb 4d e9 94 76 a5 9a 11 ff 62 e4 2b 30 f5 74  B.M..v....b.+0.t
  000000d0  6b e9 b9 63 14 f5 85 05 cd 9c 15 cd 61 d9 94 e4  k..c........a...
  000000e0  aa bc 3f f0 da 12 91 5c 41 65 c6 0f bf 9b dd 9f  ..?....\Ae......
  000000f0  44 29 24 50 ec 90 c6 65 bd 4b 84 dd 60 34 c5 01  D)$P...e.K..`4..
  00000100  a4 d9 e7 46 b3 d6 04 0a b4 a6 2c db e4 59 0a 45  ...F......,..Y.E
  00000110  00 f6 ff ce b5 59 49 bd cc 74 8b c0 1a d8 89 fe  .....YI..t......
  00000120  71 89 58 8e 76 94 ad db b1 a7 22 d2 d9 8c 5a 47  q.X.v....."...ZG
  00000130  55 26 1b 5e c3 34 fd 31 df c5 5f ae 1f 9f 15 88  U&.^.4.1.._.....
  00000140  02 90 23 57 05 50 c0 cc 67 7b b6 79 30 86 4d c2  ..#W.P..g{.y0.M.
  00000150  45 40 27 3c b7                                   E@'<.
Outgoing raw data at 2024-08-12 14:22:48
  00000000  54 e6 36 13 a7 b1 5b cf 36 81 c7 20 05 b2 aa 51  T.6...[.6.. ...Q
  00000010  6a d8 7a 54 5a e9 fc e5 34 d4 85 78 fc 25 7f f6  j.zTZ...4..x.%..
  00000020  c0 2f ad 1f 4f df 10 35 2f 8c c9 43 51 3f fd ea  ./..O..5/..CQ?..
  00000030  c1 2d 3c f7 8a 92 75 83 86 47 32 fe e7 f7 16 82  .-<...u..G2.....
  00000040  4d b7 58 71 f3 32 ec b9 c4 46 b6 8c a5 57 cb 63  M.Xq.2...F...W.c
  00000050  63 5f 54 1a 8e c3 8e 4d d7 0c 90 3c c6 c1 e6 5f  c_T....M...<..._
  00000060  0e 25 2f ba d2 29 c4 df 0d 8d 0f 19 f3 3a 22 60  .%/..).......:"`
  00000070  c8 92 f3 19 a8 8a b0 e3 e7 38 f3 0f cc 82 a5 5d  .........8.....]
  00000080  a6 40 9e 9a 5f 0a 7e 78 39 c6 7d af 8f 95 3b 2a  .@.._.~x9.}...;*
  00000090  09 2d 83 9e 2c 3e 81 d5 8c b0 ad e6 00 24 7e e3  .-..,>.......$~.
  000000a0  af 20 cb 11 ba e6 47 a9 a1 99 7c ed 6f cb f5 f7  . ....G...|.o...
  000000b0  e6 15 13 60 e4 bb 79 df 8c dc ff 17 08 e3 01 25  ...`..y........%
  000000c0  11 ee 09 15 74 02 6e ed 4e de f6 a9 e5 8f b6 7c  ....t.n.N......|
  000000d0  5d bf 98 4a f1 65 5d e0 10 8b 45 75 90 5d 0d 53  ]..J.e]...Eu.].S
  000000e0  cf 48 d9 80 7a cd 91 02 7d 35 00 03 ac 7a 07 66  .H..z...}5...z.f
  000000f0  ff b8 43 e5 77 0e cd 81 80 02 7c 91 d0 97 79 35  ..C.w.....|...y5
  00000100  b8 27 bc 19 42 e0 b6 81 98 ad d2 83 3e 6d d2 d7  .'..B.......>m..
  00000110  96 d7 c3 df f1 08 9c 85 ef 55 a0 cf 2e 2d b5 a4  .........U...-..
  00000120  85 ea 8c 78 65 ac d0 e4 41 d6 a6 9e 3f 56 a7 99  ...xe...A...?V..
  00000130  7a 3a da 07 47 cb 99 e4 36 b7 c7 03 47 80 9a c2  z:..G...6...G...
  00000140  11 3a b5 69 b1 6f 96 4f 6d 5e 69 00 95 49 20 db  .:.i.o.Om^i..I .
  00000150  b4 df b0 45 96 e4 c1 a8 a6 ba 80 d9 80 b6 eb c5  ...E............
  00000160  ce ef a4 71 2a 39 96 03 97 2c d2 0a 07 c9 e5 e1  ...q*9...,......
  00000170  38 9d 18 42 20 d6 73 6b 28 3d 7c ef 71 09 be 0d  8..B .sk(=|.q...
Incoming raw data at 2024-08-12 14:22:50
  00000000  d2 79 1c 42 da 47 66 9c 3d 4f c1 16 33 12 b7 d6  .y.B.Gf.=O..3...
  00000010  c7 14 db 25 b0 77 17 2a 4d e3 d2 d1 a1 72 33 ad  ...%.w.*M....r3.
  00000020  ec 7b 59 ee 77 de 53 0f d8 df 23 3e 23 78 ae 2a  .{Y.w.S...#>#x.*
  00000030  2e 54 3a d3 d7 2a a7 dc 71 45 8d fa 3c af 94 25  .T:..*..qE..<..%
Incoming packet #0x3, type 51 / 0x33 (SSH2_MSG_USERAUTH_FAILURE)
  00000000  00 00 00 09 70 75 62 6c 69 63 6b 65 79 00        ....publickey.
Event Log: Server refused our key
Outgoing packet #0x3, type 1 / 0x01 (SSH2_MSG_DISCONNECT)
  00000000  00 00 00 0e 00 00 00 2d 4e 6f 20 73 75 70 70 6f  .......-No suppo
  00000010  72 74 65 64 20 61 75 74 68 65 6e 74 69 63 61 74  rted authenticat
  00000020  69 6f 6e 20 6d 65 74 68 6f 64 73 20 61 76 61 69  ion methods avai
  00000030  6c 61 62 6c 65 00 00 00 02 65 6e                 lable....en
Event Log: No supported authentication methods available (server sent: publickey)
Outgoing raw data at 2024-08-12 14:23:06
  00000000  99 20 13 9a 01 c8 2e 33 09 0a 5e 28 35 ac 24 20  . .....3..^(5.$ 
  00000010  ff 96 ba 8a fb 9e 4f fd 80 45 d4 bd 7b 77 a5 75  ......O..E..{w.u
  00000020  f9 3d e2 0e 90 99 70 37 f5 58 c1 13 94 c6 44 66  .=....p7.X....Df
  00000030  70 8b bc d3 d5 0b 6b 62 58 4e 11 91 f8 20 c7 84  p.....kbXN... ..
  00000040  a6 79 87 67 36 f3 80 2a 58 c5 9e 5d a2 28 54 dc  .y.g6..*X..].(T.
  00000050  cb 5f 1d 50 73 4b ef a6 b8 e6 43 62 f5 e5 c2 63  ._.PsK....Cb...c
  00000060  fd 17 5a 38 94 49 bb 26 28 d0 66 ac 8d 52 85 4e  ..Z8.I.&(.f..R.N
